-------------------------------------------------------------------------------
Test set: TestSuite
-------------------------------------------------------------------------------
Tests run: 12, Failures: 3, Errors: 0, Skipped: 0, Time elapsed: 733.166 s <<< FAILURE! - in TestSuite
testcases.FullUserJourneyTest.expandAndCollapsePanelsInAllTabsAfterFileSelection  Time elapsed: 16.844 s  <<< FAILURE!
java.lang.RuntimeException: 
Expand and collapse panels test failed: Error {
  message='Timeout 15000ms exceeded.
=========================== logs ===========================
waiting for selector "//span[@class='rtbText' and text()='Property Management']" to be visible
  selector resolved to hidden <span class="rtbText">Property Management</span>
============================================================
  name='TimeoutError
  stack='TimeoutError: Timeout 15000ms exceeded.
=========================== logs ===========================
waiting for selector "//span[@class='rtbText' and text()='Property Management']" to be visible
  selector resolved to hidden <span class="rtbText">Property Management</span>
============================================================
    at ProgressController.run (C:\Users\Dell\AppData\Local\Temp\playwright-java-10247613160407580068\package\lib\server\progress.js:96:26)
    at Frame.waitForSelector (C:\Users\Dell\AppData\Local\Temp\playwright-java-10247613160407580068\package\lib\server\frames.js:843:23)
    at FrameDispatcher.waitForSelector (C:\Users\Dell\AppData\Local\Temp\playwright-java-10247613160407580068\package\lib\server\dispatchers\frameDispatcher.js:111:110)
    at DispatcherConnection.dispatch (C:\Users\Dell\AppData\Local\Temp\playwright-java-10247613160407580068\package\lib\server\dispatchers\dispatcher.js:397:46)
}
	at testcases.FullUserJourneyTest.expandAndCollapsePanelsInAllTabsAfterFileSelection(FullUserJourneyTest.java:775)
	at java.base/jdk.internal.reflect.NativeMethodAccessorImpl.invoke0(Native Method)
	at java.base/jdk.internal.reflect.NativeMethodAccessorImpl.invoke(NativeMethodAccessorImpl.java:77)
	at java.base/jdk.internal.reflect.DelegatingMethodAccessorImpl.invoke(DelegatingMethodAccessorImpl.java:43)
	at java.base/java.lang.reflect.Method.invoke(Method.java:568)
	at org.testng.internal.MethodInvocationHelper.invokeMethod(MethodInvocationHelper.java:124)
	at org.testng.internal.Invoker.invokeMethod(Invoker.java:583)
	at org.testng.internal.Invoker.invokeTestMethod(Invoker.java:719)
	at org.testng.internal.Invoker.invokeTestMethods(Invoker.java:989)
	at org.testng.internal.TestMethodWorker.invokeTestMethods(TestMethodWorker.java:125)
	at org.testng.internal.TestMethodWorker.run(TestMethodWorker.java:109)
	at org.testng.TestRunner.privateRun(TestRunner.java:648)
	at org.testng.TestRunner.run(TestRunner.java:505)
	at org.testng.SuiteRunner.runTest(SuiteRunner.java:455)
	at org.testng.SuiteRunner.runSequentially(SuiteRunner.java:450)
	at org.testng.SuiteRunner.privateRun(SuiteRunner.java:415)
	at org.testng.SuiteRunner.run(SuiteRunner.java:364)
	at org.testng.SuiteRunnerWorker.runSuite(SuiteRunnerWorker.java:52)
	at org.testng.SuiteRunnerWorker.run(SuiteRunnerWorker.java:84)
	at org.testng.TestNG.runSuitesSequentially(TestNG.java:1208)
	at org.testng.TestNG.runSuitesLocally(TestNG.java:1137)
	at org.testng.TestNG.runSuites(TestNG.java:1049)
	at org.testng.TestNG.run(TestNG.java:1017)
	at org.apache.maven.surefire.testng.TestNGExecutor.run(TestNGExecutor.java:308)
	at org.apache.maven.surefire.testng.TestNGXmlTestSuite.execute(TestNGXmlTestSuite.java:71)
	at org.apache.maven.surefire.testng.TestNGProvider.invoke(TestNGProvider.java:113)
	at org.apache.maven.surefire.booter.ForkedBooter.runSuitesInProcess(ForkedBooter.java:385)
	at org.apache.maven.surefire.booter.ForkedBooter.execute(ForkedBooter.java:162)
	at org.apache.maven.surefire.booter.ForkedBooter.run(ForkedBooter.java:507)
	at org.apache.maven.surefire.booter.ForkedBooter.main(ForkedBooter.java:495)
Caused by: com.microsoft.playwright.TimeoutError: Error {
  message='Timeout 15000ms exceeded.
=========================== logs ===========================
waiting for selector "//span[@class='rtbText' and text()='Property Management']" to be visible
  selector resolved to hidden <span class="rtbText">Property Management</span>
============================================================
  name='TimeoutError
  stack='TimeoutError: Timeout 15000ms exceeded.
=========================== logs ===========================
waiting for selector "//span[@class='rtbText' and text()='Property Management']" to be visible
  selector resolved to hidden <span class="rtbText">Property Management</span>
============================================================
    at ProgressController.run (C:\Users\Dell\AppData\Local\Temp\playwright-java-10247613160407580068\package\lib\server\progress.js:96:26)
    at Frame.waitForSelector (C:\Users\Dell\AppData\Local\Temp\playwright-java-10247613160407580068\package\lib\server\frames.js:843:23)
    at FrameDispatcher.waitForSelector (C:\Users\Dell\AppData\Local\Temp\playwright-java-10247613160407580068\package\lib\server\dispatchers\frameDispatcher.js:111:110)
    at DispatcherConnection.dispatch (C:\Users\Dell\AppData\Local\Temp\playwright-java-10247613160407580068\package\lib\server\dispatchers\dispatcher.js:397:46)
}
	at com.microsoft.playwright.impl.WaitableResult.get(WaitableResult.java:52)
	at com.microsoft.playwright.impl.ChannelOwner.runUntil(ChannelOwner.java:109)
	at com.microsoft.playwright.impl.Connection.sendMessage(Connection.java:108)
	at com.microsoft.playwright.impl.ChannelOwner.sendMessage(ChannelOwner.java:100)
	at com.microsoft.playwright.impl.FrameImpl.waitForSelectorImpl(FrameImpl.java:982)
	at com.microsoft.playwright.impl.LocatorImpl.lambda$waitForImpl$6(LocatorImpl.java:500)
	at com.microsoft.playwright.impl.LoggingSupport.withLogging(LoggingSupport.java:47)
	at com.microsoft.playwright.impl.ChannelOwner.withLogging(ChannelOwner.java:85)
	at com.microsoft.playwright.impl.LocatorImpl.waitForImpl(LocatorImpl.java:500)
	at com.microsoft.playwright.impl.LocatorImpl.waitFor(LocatorImpl.java:496)
	at pages.PanelExpandCollapsePage.selectDomain(PanelExpandCollapsePage.java:57)
	at testcases.FullUserJourneyTest.expandAndCollapsePanelsInAllTabsAfterFileSelection(FullUserJourneyTest.java:741)
	... 29 more
Caused by: com.microsoft.playwright.TimeoutError: Error {
  message='Timeout 15000ms exceeded.
=========================== logs ===========================
waiting for selector "//span[@class='rtbText' and text()='Property Management']" to be visible
  selector resolved to hidden <span class="rtbText">Property Management</span>
============================================================
  name='TimeoutError
  stack='TimeoutError: Timeout 15000ms exceeded.
=========================== logs ===========================
waiting for selector "//span[@class='rtbText' and text()='Property Management']" to be visible
  selector resolved to hidden <span class="rtbText">Property Management</span>
============================================================
    at ProgressController.run (C:\Users\Dell\AppData\Local\Temp\playwright-java-10247613160407580068\package\lib\server\progress.js:96:26)
    at Frame.waitForSelector (C:\Users\Dell\AppData\Local\Temp\playwright-java-10247613160407580068\package\lib\server\frames.js:843:23)
    at FrameDispatcher.waitForSelector (C:\Users\Dell\AppData\Local\Temp\playwright-java-10247613160407580068\package\lib\server\dispatchers\frameDispatcher.js:111:110)
    at DispatcherConnection.dispatch (C:\Users\Dell\AppData\Local\Temp\playwright-java-10247613160407580068\package\lib\server\dispatchers\dispatcher.js:397:46)
}
	at com.microsoft.playwright.impl.Connection.dispatch(Connection.java:188)
	at com.microsoft.playwright.impl.Connection.processOneMessage(Connection.java:170)
	at com.microsoft.playwright.impl.ChannelOwner.runUntil(ChannelOwner.java:107)
	... 39 more

testcases.FullUserJourneyTest.testRecentlyVisitedPopup  Time elapsed: 17.067 s  <<< FAILURE!
com.microsoft.playwright.TimeoutError: 
Error {
  message='Timeout 5000ms exceeded.
=========================== logs ===========================
waiting for selector "div.TelerikModalOverlay:not([style*='display: none'])" to be hidden
  selector resolved to visible <div unselectable="on" class="TelerikModalOverlay"></div>
============================================================
  name='TimeoutError
  stack='TimeoutError: Timeout 5000ms exceeded.
=========================== logs ===========================
waiting for selector "div.TelerikModalOverlay:not([style*='display: none'])" to be hidden
  selector resolved to visible <div unselectable="on" class="TelerikModalOverlay"></div>
============================================================
    at ProgressController.run (C:\Users\Dell\AppData\Local\Temp\playwright-java-10247613160407580068\package\lib\server\progress.js:96:26)
    at Frame.waitForSelector (C:\Users\Dell\AppData\Local\Temp\playwright-java-10247613160407580068\package\lib\server\frames.js:843:23)
    at FrameDispatcher.waitForSelector (C:\Users\Dell\AppData\Local\Temp\playwright-java-10247613160407580068\package\lib\server\dispatchers\frameDispatcher.js:111:110)
    at DispatcherConnection.dispatch (C:\Users\Dell\AppData\Local\Temp\playwright-java-10247613160407580068\package\lib\server\dispatchers\dispatcher.js:397:46)
}
	at com.microsoft.playwright.impl.WaitableResult.get(WaitableResult.java:52)
	at com.microsoft.playwright.impl.ChannelOwner.runUntil(ChannelOwner.java:109)
	at com.microsoft.playwright.impl.Connection.sendMessage(Connection.java:108)
	at com.microsoft.playwright.impl.ChannelOwner.sendMessage(ChannelOwner.java:100)
	at com.microsoft.playwright.impl.FrameImpl.waitForSelectorImpl(FrameImpl.java:982)
	at com.microsoft.playwright.impl.FrameImpl.waitForSelectorImpl(FrameImpl.java:972)
	at com.microsoft.playwright.impl.PageImpl.lambda$waitForSelector$78(PageImpl.java:1406)
	at com.microsoft.playwright.impl.LoggingSupport.withLogging(LoggingSupport.java:47)
	at com.microsoft.playwright.impl.ChannelOwner.withLogging(ChannelOwner.java:85)
	at com.microsoft.playwright.impl.PageImpl.waitForSelector(PageImpl.java:1405)
	at pages.RecentlyVisitedPopupPage.clickRecentlyVisited(RecentlyVisitedPopupPage.java:29)
	at testcases.FullUserJourneyTest.testRecentlyVisitedPopup(FullUserJourneyTest.java:863)
	at java.base/jdk.internal.reflect.NativeMethodAccessorImpl.invoke0(Native Method)
	at java.base/jdk.internal.reflect.NativeMethodAccessorImpl.invoke(NativeMethodAccessorImpl.java:77)
	at java.base/jdk.internal.reflect.DelegatingMethodAccessorImpl.invoke(DelegatingMethodAccessorImpl.java:43)
	at java.base/java.lang.reflect.Method.invoke(Method.java:568)
	at org.testng.internal.MethodInvocationHelper.invokeMethod(MethodInvocationHelper.java:124)
	at org.testng.internal.Invoker.invokeMethod(Invoker.java:583)
	at org.testng.internal.Invoker.invokeTestMethod(Invoker.java:719)
	at org.testng.internal.Invoker.invokeTestMethods(Invoker.java:989)
	at org.testng.internal.TestMethodWorker.invokeTestMethods(TestMethodWorker.java:125)
	at org.testng.internal.TestMethodWorker.run(TestMethodWorker.java:109)
	at org.testng.TestRunner.privateRun(TestRunner.java:648)
	at org.testng.TestRunner.run(TestRunner.java:505)
	at org.testng.SuiteRunner.runTest(SuiteRunner.java:455)
	at org.testng.SuiteRunner.runSequentially(SuiteRunner.java:450)
	at org.testng.SuiteRunner.privateRun(SuiteRunner.java:415)
	at org.testng.SuiteRunner.run(SuiteRunner.java:364)
	at org.testng.SuiteRunnerWorker.runSuite(SuiteRunnerWorker.java:52)
	at org.testng.SuiteRunnerWorker.run(SuiteRunnerWorker.java:84)
	at org.testng.TestNG.runSuitesSequentially(TestNG.java:1208)
	at org.testng.TestNG.runSuitesLocally(TestNG.java:1137)
	at org.testng.TestNG.runSuites(TestNG.java:1049)
	at org.testng.TestNG.run(TestNG.java:1017)
	at org.apache.maven.surefire.testng.TestNGExecutor.run(TestNGExecutor.java:308)
	at org.apache.maven.surefire.testng.TestNGXmlTestSuite.execute(TestNGXmlTestSuite.java:71)
	at org.apache.maven.surefire.testng.TestNGProvider.invoke(TestNGProvider.java:113)
	at org.apache.maven.surefire.booter.ForkedBooter.runSuitesInProcess(ForkedBooter.java:385)
	at org.apache.maven.surefire.booter.ForkedBooter.execute(ForkedBooter.java:162)
	at org.apache.maven.surefire.booter.ForkedBooter.run(ForkedBooter.java:507)
	at org.apache.maven.surefire.booter.ForkedBooter.main(ForkedBooter.java:495)
Caused by: com.microsoft.playwright.TimeoutError: Error {
  message='Timeout 5000ms exceeded.
=========================== logs ===========================
waiting for selector "div.TelerikModalOverlay:not([style*='display: none'])" to be hidden
  selector resolved to visible <div unselectable="on" class="TelerikModalOverlay"></div>
============================================================
  name='TimeoutError
  stack='TimeoutError: Timeout 5000ms exceeded.
=========================== logs ===========================
waiting for selector "div.TelerikModalOverlay:not([style*='display: none'])" to be hidden
  selector resolved to visible <div unselectable="on" class="TelerikModalOverlay"></div>
============================================================
    at ProgressController.run (C:\Users\Dell\AppData\Local\Temp\playwright-java-10247613160407580068\package\lib\server\progress.js:96:26)
    at Frame.waitForSelector (C:\Users\Dell\AppData\Local\Temp\playwright-java-10247613160407580068\package\lib\server\frames.js:843:23)
    at FrameDispatcher.waitForSelector (C:\Users\Dell\AppData\Local\Temp\playwright-java-10247613160407580068\package\lib\server\dispatchers\frameDispatcher.js:111:110)
    at DispatcherConnection.dispatch (C:\Users\Dell\AppData\Local\Temp\playwright-java-10247613160407580068\package\lib\server\dispatchers\dispatcher.js:397:46)
}
	at com.microsoft.playwright.impl.Connection.dispatch(Connection.java:188)
	at com.microsoft.playwright.impl.Connection.processOneMessage(Connection.java:170)
	at com.microsoft.playwright.impl.ChannelOwner.runUntil(ChannelOwner.java:107)
	... 39 more

testcases.FullUserJourneyTest.testPinnedPopup  Time elapsed: 30.27 s  <<< FAILURE!
com.microsoft.playwright.TimeoutError: 
Error {
  message='Timeout 30000ms exceeded.
=========================== logs ===========================
waiting for selector "span:has-text('Pinned') >> nth=0"
  selector resolved to visible <span class="counterBootstrap" onclick="PinUnpinApplic…>…</span>
attempting click action
  waiting for element to be visible, enabled and stable
  element is visible, enabled and stable
  scrolling into view if needed
  done scrolling
  <div unselectable="on" class="TelerikModalOverlay"></div> intercepts pointer events
retrying click action, attempt #1
  waiting for element to be visible, enabled and stable
  element is visible, enabled and stable
  scrolling into view if needed
  done scrolling
  <div unselectable="on" class="TelerikModalOverlay"></div> intercepts pointer events
retrying click action, attempt #2
  waiting 20ms
  waiting for element to be visible, enabled and stable
  element is visible, enabled and stable
  scrolling into view if needed
  done scrolling
  <div unselectable="on" class="TelerikModalOverlay"></div> intercepts pointer events
retrying click action, attempt #3
  waiting 100ms
  waiting for element to be visible, enabled and stable
  element is visible, enabled and stable
  scrolling into view if needed
  done scrolling
  <div unselectable="on" class="TelerikModalOverlay"></div> intercepts pointer events
retrying click action, attempt #4
  waiting 100ms
  waiting for element to be visible, enabled and stable
  element is visible, enabled and stable
  scrolling into view if needed
  done scrolling
  <div unselectable="on" class="TelerikModalOverlay"></div> intercepts pointer events
retrying click action, attempt #5
  waiting 500ms
  waiting for element to be visible, enabled and stable
  element is visible, enabled and stable
  scrolling into view if needed
  done scrolling
  <div unselectable="on" class="TelerikModalOverlay"></div> intercepts pointer events
retrying click action, attempt #6
  waiting 500ms
  waiting for element to be visible, enabled and stable
  element is visible, enabled and stable
  scrolling into view if needed
  done scrolling
  <div unselectable="on" class="TelerikModalOverlay"></div> intercepts pointer events
retrying click action, attempt #7
  waiting 500ms
  waiting for element to be visible, enabled and stable
  element is visible, enabled and stable
  scrolling into view if needed
  done scrolling
  <div unselectable="on" class="TelerikModalOverlay"></div> intercepts pointer events
retrying click action, attempt #8
  waiting 500ms
  waiting for element to be visible, enabled and stable
  element is visible, enabled and stable
  scrolling into view if needed
  done scrolling
  <div unselectable="on" class="TelerikModalOverlay"></div> intercepts pointer events
retrying click action, attempt #9
  waiting 500ms
  waiting for element to be visible, enabled and stable
  element is visible, enabled and stable
  scrolling into view if needed
  done scrolling
  <div unselectable="on" class="TelerikModalOverlay"></div> intercepts pointer events
retrying click action, attempt #10
  waiting 500ms
  waiting for element to be visible, enabled and stable
  element is visible, enabled and stable
  scrolling into view if needed
  done scrolling
  <div unselectable="on" class="TelerikModalOverlay"></div> intercepts pointer events
retrying click action, attempt #11
  waiting 500ms
  waiting for element to be visible, enabled and stable
  element is visible, enabled and stable
  scrolling into view if needed
  done scrolling
  <div unselectable="on" class="TelerikModalOverlay"></div> intercepts pointer events
retrying click action, attempt #12
  waiting 500ms
  waiting for element to be visible, enabled and stable
  element is visible, enabled and stable
  scrolling into view if needed
  done scrolling
  <div unselectable="on" class="TelerikModalOverlay"></div> intercepts pointer events
retrying click action, attempt #13
  waiting 500ms
  waiting for element to be visible, enabled and stable
  element is visible, enabled and stable
  scrolling into view if needed
  done scrolling
  <div unselectable="on" class="TelerikModalOverlay"></div> intercepts pointer events
retrying click action, attempt #14
  waiting 500ms
  waiting for element to be visible, enabled and stable
  element is visible, enabled and stable
  scrolling into view if needed
  done scrolling
  <div unselectable="on" class="TelerikModalOverlay"></div> intercepts pointer events
retrying click action, attempt #15
  waiting 500ms
  waiting for element to be visible, enabled and stable
  element is visible, enabled and stable
  scrolling into view if needed
  done scrolling
  <div unselectable="on" class="TelerikModalOverlay"></div> intercepts pointer events
retrying click action, attempt #16
  waiting 500ms
  waiting for element to be visible, enabled and stable
  element is visible, enabled and stable
  scrolling into view if needed
  done scrolling
  <div unselectable="on" class="TelerikModalOverlay"></div> intercepts pointer events
retrying click action, attempt #17
  waiting 500ms
  waiting for element to be visible, enabled and stable
  element is visible, enabled and stable
  scrolling into view if needed
  done scrolling
  <div unselectable="on" class="TelerikModalOverlay"></div> intercepts pointer events
retrying click action, attempt #18
  waiting 500ms
  waiting for element to be visible, enabled and stable
  element is visible, enabled and stable
  scrolling into view if needed
  done scrolling
  <div unselectable="on" class="TelerikModalOverlay"></div> intercepts pointer events
retrying click action, attempt #19
  waiting 500ms
  waiting for element to be visible, enabled and stable
  element is visible, enabled and stable
  scrolling into view if needed
  done scrolling
  <div unselectable="on" class="TelerikModalOverlay"></div> intercepts pointer events
retrying click action, attempt #20
  waiting 500ms
  waiting for element to be visible, enabled and stable
  element is visible, enabled and stable
  scrolling into view if needed
  done scrolling
  <div unselectable="on" class="TelerikModalOverlay"></div> intercepts pointer events
retrying click action, attempt #21
  waiting 500ms
  waiting for element to be visible, enabled and stable
  element is visible, enabled and stable
  scrolling into view if needed
  done scrolling
  <div unselectable="on" class="TelerikModalOverlay"></div> intercepts pointer events
retrying click action, attempt #22
  waiting 500ms
  waiting for element to be visible, enabled and stable
  element is visible, enabled and stable
  scrolling into view if needed
  done scrolling
  <div unselectable="on" class="TelerikModalOverlay"></div> intercepts pointer events
retrying click action, attempt #23
  waiting 500ms
  waiting for element to be visible, enabled and stable
  element is visible, enabled and stable
  scrolling into view if needed
  done scrolling
  <div unselectable="on" class="TelerikModalOverlay"></div> intercepts pointer events
retrying click action, attempt #24
  waiting 500ms
  waiting for element to be visible, enabled and stable
  element is visible, enabled and stable
  scrolling into view if needed
  done scrolling
  <div unselectable="on" class="TelerikModalOverlay"></div> intercepts pointer events
retrying click action, attempt #25
  waiting 500ms
  waiting for element to be visible, enabled and stable
  element is visible, enabled and stable
  scrolling into view if needed
  done scrolling
  <div unselectable="on" class="TelerikModalOverlay"></div> intercepts pointer events
retrying click action, attempt #26
  waiting 500ms
  waiting for element to be visible, enabled and stable
  element is visible, enabled and stable
  scrolling into view if needed
  done scrolling
  <div unselectable="on" class="TelerikModalOverlay"></div> intercepts pointer events
retrying click action, attempt #27
  waiting 500ms
  waiting for element to be visible, enabled and stable
  element is visible, enabled and stable
  scrolling into view if needed
  done scrolling
  <div unselectable="on" class="TelerikModalOverlay"></div> intercepts pointer events
retrying click action, attempt #28
  waiting 500ms
  waiting for element to be visible, enabled and stable
  element is visible, enabled and stable
  scrolling into view if needed
  done scrolling
  <div unselectable="on" class="TelerikModalOverlay"></div> intercepts pointer events
retrying click action, attempt #29
  waiting 500ms
  waiting for element to be visible, enabled and stable
  element is visible, enabled and stable
  scrolling into view if needed
  done scrolling
  <div unselectable="on" class="TelerikModalOverlay"></div> intercepts pointer events
retrying click action, attempt #30
  waiting 500ms
  waiting for element to be visible, enabled and stable
  element is visible, enabled and stable
  scrolling into view if needed
  done scrolling
  <div unselectable="on" class="TelerikModalOverlay"></div> intercepts pointer events
retrying click action, attempt #31
  waiting 500ms
  waiting for element to be visible, enabled and stable
  element is visible, enabled and stable
  scrolling into view if needed
  done scrolling
  <div unselectable="on" class="TelerikModalOverlay"></div> intercepts pointer events
retrying click action, attempt #32
  waiting 500ms
  waiting for element to be visible, enabled and stable
  element is visible, enabled and stable
  scrolling into view if needed
  done scrolling
  <div unselectable="on" class="TelerikModalOverlay"></div> intercepts pointer events
retrying click action, attempt #33
  waiting 500ms
  waiting for element to be visible, enabled and stable
  element is visible, enabled and stable
  scrolling into view if needed
  done scrolling
  <div unselectable="on" class="TelerikModalOverlay"></div> intercepts pointer events
retrying click action, attempt #34
  waiting 500ms
  waiting for element to be visible, enabled and stable
  element is visible, enabled and stable
  scrolling into view if needed
  done scrolling
  <div unselectable="on" class="TelerikModalOverlay"></div> intercepts pointer events
retrying click action, attempt #35
  waiting 500ms
  waiting for element to be visible, enabled and stable
  element is visible, enabled and stable
  scrolling into view if needed
  done scrolling
  <div unselectable="on" class="TelerikModalOverlay"></div> intercepts pointer events
retrying click action, attempt #36
  waiting 500ms
  waiting for element to be visible, enabled and stable
  element is visible, enabled and stable
  scrolling into view if needed
  done scrolling
  <div unselectable="on" class="TelerikModalOverlay"></div> intercepts pointer events
retrying click action, attempt #37
  waiting 500ms
  waiting for element to be visible, enabled and stable
  element is visible, enabled and stable
  scrolling into view if needed
  done scrolling
  <div unselectable="on" class="TelerikModalOverlay"></div> intercepts pointer events
retrying click action, attempt #38
  waiting 500ms
  waiting for element to be visible, enabled and stable
  element is visible, enabled and stable
  scrolling into view if needed
  done scrolling
  <div unselectable="on" class="TelerikModalOverlay"></div> intercepts pointer events
retrying click action, attempt #39
  waiting 500ms
  waiting for element to be visible, enabled and stable
  element is visible, enabled and stable
  scrolling into view if needed
  done scrolling
  <div unselectable="on" class="TelerikModalOverlay"></div> intercepts pointer events
retrying click action, attempt #40
  waiting 500ms
  waiting for element to be visible, enabled and stable
  element is visible, enabled and stable
  scrolling into view if needed
  done scrolling
  <div unselectable="on" class="TelerikModalOverlay"></div> intercepts pointer events
retrying click action, attempt #41
  waiting 500ms
  waiting for element to be visible, enabled and stable
  element is visible, enabled and stable
  scrolling into view if needed
  done scrolling
  <div unselectable="on" class="TelerikModalOverlay"></div> intercepts pointer events
retrying click action, attempt #42
  waiting 500ms
  waiting for element to be visible, enabled and stable
  element is visible, enabled and stable
  scrolling into view if needed
  done scrolling
  <div unselectable="on" class="TelerikModalOverlay"></div> intercepts pointer events
retrying click action, attempt #43
  waiting 500ms
  waiting for element to be visible, enabled and stable
  element is visible, enabled and stable
  scrolling into view if needed
  done scrolling
  <div unselectable="on" class="TelerikModalOverlay"></div> intercepts pointer events
retrying click action, attempt #44
  waiting 500ms
  waiting for element to be visible, enabled and stable
  element is visible, enabled and stable
  scrolling into view if needed
  done scrolling
  <div unselectable="on" class="TelerikModalOverlay"></div> intercepts pointer events
retrying click action, attempt #45
  waiting 500ms
  waiting for element to be visible, enabled and stable
  element is visible, enabled and stable
  scrolling into view if needed
  done scrolling
  <div unselectable="on" class="TelerikModalOverlay"></div> intercepts pointer events
retrying click action, attempt #46
  waiting 500ms
  waiting for element to be visible, enabled and stable
  element is visible, enabled and stable
  scrolling into view if needed
  done scrolling
  <div unselectable="on" class="TelerikModalOverlay"></div> intercepts pointer events
retrying click action, attempt #47
  waiting 500ms
  waiting for element to be visible, enabled and stable
  element is visible, enabled and stable
  scrolling into view if needed
  done scrolling
  <div unselectable="on" class="TelerikModalOverlay"></div> intercepts pointer events
retrying click action, attempt #48
  waiting 500ms
  waiting for element to be visible, enabled and stable
  element is visible, enabled and stable
  scrolling into view if needed
  done scrolling
  <div unselectable="on" class="TelerikModalOverlay"></div> intercepts pointer events
retrying click action, attempt #49
  waiting 500ms
  waiting for element to be visible, enabled and stable
  element is visible, enabled and stable
  scrolling into view if needed
  done scrolling
  <div unselectable="on" class="TelerikModalOverlay"></div> intercepts pointer events
retrying click action, attempt #50
  waiting 500ms
  waiting for element to be visible, enabled and stable
  element is visible, enabled and stable
  scrolling into view if needed
  done scrolling
  <div unselectable="on" class="TelerikModalOverlay"></div> intercepts pointer events
retrying click action, attempt #51
  waiting 500ms
  waiting for element to be visible, enabled and stable
  element is visible, enabled and stable
  scrolling into view if needed
  done scrolling
  <div unselectable="on" class="TelerikModalOverlay"></div> intercepts pointer events
retrying click action, attempt #52
  waiting 500ms
  waiting for element to be visible, enabled and stable
  element is visible, enabled and stable
  scrolling into view if needed
  done scrolling
  <div unselectable="on" class="TelerikModalOverlay"></div> intercepts pointer events
retrying click action, attempt #53
  waiting 500ms
  waiting for element to be visible, enabled and stable
  element is visible, enabled and stable
  scrolling into view if needed
  done scrolling
  <div unselectable="on" class="TelerikModalOverlay"></div> intercepts pointer events
retrying click action, attempt #54
  waiting 500ms
  waiting for element to be visible, enabled and stable
  element is visible, enabled and stable
  scrolling into view if needed
  done scrolling
  <div unselectable="on" class="TelerikModalOverlay"></div> intercepts pointer events
retrying click action, attempt #55
  waiting 500ms
  waiting for element to be visible, enabled and stable
  element is visible, enabled and stable
  scrolling into view if needed
  done scrolling
  <div unselectable="on" class="TelerikModalOverlay"></div> intercepts pointer events
retrying click action, attempt #56
  waiting 500ms
  waiting for element to be visible, enabled and stable
  element is visible, enabled and stable
  scrolling into view if needed
  done scrolling
  <div unselectable="on" class="TelerikModalOverlay"></div> intercepts pointer events
retrying click action, attempt #57
  waiting 500ms
  waiting for element to be visible, enabled and stable
  element is visible, enabled and stable
  scrolling into view if needed
  done scrolling
  <div unselectable="on" class="TelerikModalOverlay"></div> intercepts pointer events
retrying click action, attempt #58
  waiting 500ms
  waiting for element to be visible, enabled and stable
  element is visible, enabled and stable
  scrolling into view if needed
  done scrolling
  <div unselectable="on" class="TelerikModalOverlay"></div> intercepts pointer events
retrying click action, attempt #59
  waiting 500ms
  waiting for element to be visible, enabled and stable
  element is visible, enabled and stable
  scrolling into view if needed
  done scrolling
  <div unselectable="on" class="TelerikModalOverlay"></div> intercepts pointer events
retrying click action, attempt #60
  waiting 500ms
  waiting for element to be visible, enabled and stable
  element is visible, enabled and stable
  scrolling into view if needed
  done scrolling
  <div unselectable="on" class="TelerikModalOverlay"></div> intercepts pointer events
retrying click action, attempt #61
  waiting 500ms
============================================================
  name='TimeoutError
  stack='TimeoutError: Timeout 30000ms exceeded.
=========================== logs ===========================
waiting for selector "span:has-text('Pinned') >> nth=0"
  selector resolved to visible <span class="counterBootstrap" onclick="PinUnpinApplic…>…</span>
attempting click action
  waiting for element to be visible, enabled and stable
  element is visible, enabled and stable
  scrolling into view if needed
  done scrolling
  <div unselectable="on" class="TelerikModalOverlay"></div> intercepts pointer events
retrying click action, attempt #1
  waiting for element to be visible, enabled and stable
  element is visible, enabled and stable
  scrolling into view if needed
  done scrolling
  <div unselectable="on" class="TelerikModalOverlay"></div> intercepts pointer events
retrying click action, attempt #2
  waiting 20ms
  waiting for element to be visible, enabled and stable
  element is visible, enabled and stable
  scrolling into view if needed
  done scrolling
  <div unselectable="on" class="TelerikModalOverlay"></div> intercepts pointer events
retrying click action, attempt #3
  waiting 100ms
  waiting for element to be visible, enabled and stable
  element is visible, enabled and stable
  scrolling into view if needed
  done scrolling
  <div unselectable="on" class="TelerikModalOverlay"></div> intercepts pointer events
retrying click action, attempt #4
  waiting 100ms
  waiting for element to be visible, enabled and stable
  element is visible, enabled and stable
  scrolling into view if needed
  done scrolling
  <div unselectable="on" class="TelerikModalOverlay"></div> intercepts pointer events
retrying click action, attempt #5
  waiting 500ms
  waiting for element to be visible, enabled and stable
  element is visible, enabled and stable
  scrolling into view if needed
  done scrolling
  <div unselectable="on" class="TelerikModalOverlay"></div> intercepts pointer events
retrying click action, attempt #6
  waiting 500ms
  waiting for element to be visible, enabled and stable
  element is visible, enabled and stable
  scrolling into view if needed
  done scrolling
  <div unselectable="on" class="TelerikModalOverlay"></div> intercepts pointer events
retrying click action, attempt #7
  waiting 500ms
  waiting for element to be visible, enabled and stable
  element is visible, enabled and stable
  scrolling into view if needed
  done scrolling
  <div unselectable="on" class="TelerikModalOverlay"></div> intercepts pointer events
retrying click action, attempt #8
  waiting 500ms
  waiting for element to be visible, enabled and stable
  element is visible, enabled and stable
  scrolling into view if needed
  done scrolling
  <div unselectable="on" class="TelerikModalOverlay"></div> intercepts pointer events
retrying click action, attempt #9
  waiting 500ms
  waiting for element to be visible, enabled and stable
  element is visible, enabled and stable
  scrolling into view if needed
  done scrolling
  <div unselectable="on" class="TelerikModalOverlay"></div> intercepts pointer events
retrying click action, attempt #10
  waiting 500ms
  waiting for element to be visible, enabled and stable
  element is visible, enabled and stable
  scrolling into view if needed
  done scrolling
  <div unselectable="on" class="TelerikModalOverlay"></div> intercepts pointer events
retrying click action, attempt #11
  waiting 500ms
  waiting for element to be visible, enabled and stable
  element is visible, enabled and stable
  scrolling into view if needed
  done scrolling
  <div unselectable="on" class="TelerikModalOverlay"></div> intercepts pointer events
retrying click action, attempt #12
  waiting 500ms
  waiting for element to be visible, enabled and stable
  element is visible, enabled and stable
  scrolling into view if needed
  done scrolling
  <div unselectable="on" class="TelerikModalOverlay"></div> intercepts pointer events
retrying click action, attempt #13
  waiting 500ms
  waiting for element to be visible, enabled and stable
  element is visible, enabled and stable
  scrolling into view if needed
  done scrolling
  <div unselectable="on" class="TelerikModalOverlay"></div> intercepts pointer events
retrying click action, attempt #14
  waiting 500ms
  waiting for element to be visible, enabled and stable
  element is visible, enabled and stable
  scrolling into view if needed
  done scrolling
  <div unselectable="on" class="TelerikModalOverlay"></div> intercepts pointer events
retrying click action, attempt #15
  waiting 500ms
  waiting for element to be visible, enabled and stable
  element is visible, enabled and stable
  scrolling into view if needed
  done scrolling
  <div unselectable="on" class="TelerikModalOverlay"></div> intercepts pointer events
retrying click action, attempt #16
  waiting 500ms
  waiting for element to be visible, enabled and stable
  element is visible, enabled and stable
  scrolling into view if needed
  done scrolling
  <div unselectable="on" class="TelerikModalOverlay"></div> intercepts pointer events
retrying click action, attempt #17
  waiting 500ms
  waiting for element to be visible, enabled and stable
  element is visible, enabled and stable
  scrolling into view if needed
  done scrolling
  <div unselectable="on" class="TelerikModalOverlay"></div> intercepts pointer events
retrying click action, attempt #18
  waiting 500ms
  waiting for element to be visible, enabled and stable
  element is visible, enabled and stable
  scrolling into view if needed
  done scrolling
  <div unselectable="on" class="TelerikModalOverlay"></div> intercepts pointer events
retrying click action, attempt #19
  waiting 500ms
  waiting for element to be visible, enabled and stable
  element is visible, enabled and stable
  scrolling into view if needed
  done scrolling
  <div unselectable="on" class="TelerikModalOverlay"></div> intercepts pointer events
retrying click action, attempt #20
  waiting 500ms
  waiting for element to be visible, enabled and stable
  element is visible, enabled and stable
  scrolling into view if needed
  done scrolling
  <div unselectable="on" class="TelerikModalOverlay"></div> intercepts pointer events
retrying click action, attempt #21
  waiting 500ms
  waiting for element to be visible, enabled and stable
  element is visible, enabled and stable
  scrolling into view if needed
  done scrolling
  <div unselectable="on" class="TelerikModalOverlay"></div> intercepts pointer events
retrying click action, attempt #22
  waiting 500ms
  waiting for element to be visible, enabled and stable
  element is visible, enabled and stable
  scrolling into view if needed
  done scrolling
  <div unselectable="on" class="TelerikModalOverlay"></div> intercepts pointer events
retrying click action, attempt #23
  waiting 500ms
  waiting for element to be visible, enabled and stable
  element is visible, enabled and stable
  scrolling into view if needed
  done scrolling
  <div unselectable="on" class="TelerikModalOverlay"></div> intercepts pointer events
retrying click action, attempt #24
  waiting 500ms
  waiting for element to be visible, enabled and stable
  element is visible, enabled and stable
  scrolling into view if needed
  done scrolling
  <div unselectable="on" class="TelerikModalOverlay"></div> intercepts pointer events
retrying click action, attempt #25
  waiting 500ms
  waiting for element to be visible, enabled and stable
  element is visible, enabled and stable
  scrolling into view if needed
  done scrolling
  <div unselectable="on" class="TelerikModalOverlay"></div> intercepts pointer events
retrying click action, attempt #26
  waiting 500ms
  waiting for element to be visible, enabled and stable
  element is visible, enabled and stable
  scrolling into view if needed
  done scrolling
  <div unselectable="on" class="TelerikModalOverlay"></div> intercepts pointer events
retrying click action, attempt #27
  waiting 500ms
  waiting for element to be visible, enabled and stable
  element is visible, enabled and stable
  scrolling into view if needed
  done scrolling
  <div unselectable="on" class="TelerikModalOverlay"></div> intercepts pointer events
retrying click action, attempt #28
  waiting 500ms
  waiting for element to be visible, enabled and stable
  element is visible, enabled and stable
  scrolling into view if needed
  done scrolling
  <div unselectable="on" class="TelerikModalOverlay"></div> intercepts pointer events
retrying click action, attempt #29
  waiting 500ms
  waiting for element to be visible, enabled and stable
  element is visible, enabled and stable
  scrolling into view if needed
  done scrolling
  <div unselectable="on" class="TelerikModalOverlay"></div> intercepts pointer events
retrying click action, attempt #30
  waiting 500ms
  waiting for element to be visible, enabled and stable
  element is visible, enabled and stable
  scrolling into view if needed
  done scrolling
  <div unselectable="on" class="TelerikModalOverlay"></div> intercepts pointer events
retrying click action, attempt #31
  waiting 500ms
  waiting for element to be visible, enabled and stable
  element is visible, enabled and stable
  scrolling into view if needed
  done scrolling
  <div unselectable="on" class="TelerikModalOverlay"></div> intercepts pointer events
retrying click action, attempt #32
  waiting 500ms
  waiting for element to be visible, enabled and stable
  element is visible, enabled and stable
  scrolling into view if needed
  done scrolling
  <div unselectable="on" class="TelerikModalOverlay"></div> intercepts pointer events
retrying click action, attempt #33
  waiting 500ms
  waiting for element to be visible, enabled and stable
  element is visible, enabled and stable
  scrolling into view if needed
  done scrolling
  <div unselectable="on" class="TelerikModalOverlay"></div> intercepts pointer events
retrying click action, attempt #34
  waiting 500ms
  waiting for element to be visible, enabled and stable
  element is visible, enabled and stable
  scrolling into view if needed
  done scrolling
  <div unselectable="on" class="TelerikModalOverlay"></div> intercepts pointer events
retrying click action, attempt #35
  waiting 500ms
  waiting for element to be visible, enabled and stable
  element is visible, enabled and stable
  scrolling into view if needed
  done scrolling
  <div unselectable="on" class="TelerikModalOverlay"></div> intercepts pointer events
retrying click action, attempt #36
  waiting 500ms
  waiting for element to be visible, enabled and stable
  element is visible, enabled and stable
  scrolling into view if needed
  done scrolling
  <div unselectable="on" class="TelerikModalOverlay"></div> intercepts pointer events
retrying click action, attempt #37
  waiting 500ms
  waiting for element to be visible, enabled and stable
  element is visible, enabled and stable
  scrolling into view if needed
  done scrolling
  <div unselectable="on" class="TelerikModalOverlay"></div> intercepts pointer events
retrying click action, attempt #38
  waiting 500ms
  waiting for element to be visible, enabled and stable
  element is visible, enabled and stable
  scrolling into view if needed
  done scrolling
  <div unselectable="on" class="TelerikModalOverlay"></div> intercepts pointer events
retrying click action, attempt #39
  waiting 500ms
  waiting for element to be visible, enabled and stable
  element is visible, enabled and stable
  scrolling into view if needed
  done scrolling
  <div unselectable="on" class="TelerikModalOverlay"></div> intercepts pointer events
retrying click action, attempt #40
  waiting 500ms
  waiting for element to be visible, enabled and stable
  element is visible, enabled and stable
  scrolling into view if needed
  done scrolling
  <div unselectable="on" class="TelerikModalOverlay"></div> intercepts pointer events
retrying click action, attempt #41
  waiting 500ms
  waiting for element to be visible, enabled and stable
  element is visible, enabled and stable
  scrolling into view if needed
  done scrolling
  <div unselectable="on" class="TelerikModalOverlay"></div> intercepts pointer events
retrying click action, attempt #42
  waiting 500ms
  waiting for element to be visible, enabled and stable
  element is visible, enabled and stable
  scrolling into view if needed
  done scrolling
  <div unselectable="on" class="TelerikModalOverlay"></div> intercepts pointer events
retrying click action, attempt #43
  waiting 500ms
  waiting for element to be visible, enabled and stable
  element is visible, enabled and stable
  scrolling into view if needed
  done scrolling
  <div unselectable="on" class="TelerikModalOverlay"></div> intercepts pointer events
retrying click action, attempt #44
  waiting 500ms
  waiting for element to be visible, enabled and stable
  element is visible, enabled and stable
  scrolling into view if needed
  done scrolling
  <div unselectable="on" class="TelerikModalOverlay"></div> intercepts pointer events
retrying click action, attempt #45
  waiting 500ms
  waiting for element to be visible, enabled and stable
  element is visible, enabled and stable
  scrolling into view if needed
  done scrolling
  <div unselectable="on" class="TelerikModalOverlay"></div> intercepts pointer events
retrying click action, attempt #46
  waiting 500ms
  waiting for element to be visible, enabled and stable
  element is visible, enabled and stable
  scrolling into view if needed
  done scrolling
  <div unselectable="on" class="TelerikModalOverlay"></div> intercepts pointer events
retrying click action, attempt #47
  waiting 500ms
  waiting for element to be visible, enabled and stable
  element is visible, enabled and stable
  scrolling into view if needed
  done scrolling
  <div unselectable="on" class="TelerikModalOverlay"></div> intercepts pointer events
retrying click action, attempt #48
  waiting 500ms
  waiting for element to be visible, enabled and stable
  element is visible, enabled and stable
  scrolling into view if needed
  done scrolling
  <div unselectable="on" class="TelerikModalOverlay"></div> intercepts pointer events
retrying click action, attempt #49
  waiting 500ms
  waiting for element to be visible, enabled and stable
  element is visible, enabled and stable
  scrolling into view if needed
  done scrolling
  <div unselectable="on" class="TelerikModalOverlay"></div> intercepts pointer events
retrying click action, attempt #50
  waiting 500ms
  waiting for element to be visible, enabled and stable
  element is visible, enabled and stable
  scrolling into view if needed
  done scrolling
  <div unselectable="on" class="TelerikModalOverlay"></div> intercepts pointer events
retrying click action, attempt #51
  waiting 500ms
  waiting for element to be visible, enabled and stable
  element is visible, enabled and stable
  scrolling into view if needed
  done scrolling
  <div unselectable="on" class="TelerikModalOverlay"></div> intercepts pointer events
retrying click action, attempt #52
  waiting 500ms
  waiting for element to be visible, enabled and stable
  element is visible, enabled and stable
  scrolling into view if needed
  done scrolling
  <div unselectable="on" class="TelerikModalOverlay"></div> intercepts pointer events
retrying click action, attempt #53
  waiting 500ms
  waiting for element to be visible, enabled and stable
  element is visible, enabled and stable
  scrolling into view if needed
  done scrolling
  <div unselectable="on" class="TelerikModalOverlay"></div> intercepts pointer events
retrying click action, attempt #54
  waiting 500ms
  waiting for element to be visible, enabled and stable
  element is visible, enabled and stable
  scrolling into view if needed
  done scrolling
  <div unselectable="on" class="TelerikModalOverlay"></div> intercepts pointer events
retrying click action, attempt #55
  waiting 500ms
  waiting for element to be visible, enabled and stable
  element is visible, enabled and stable
  scrolling into view if needed
  done scrolling
  <div unselectable="on" class="TelerikModalOverlay"></div> intercepts pointer events
retrying click action, attempt #56
  waiting 500ms
  waiting for element to be visible, enabled and stable
  element is visible, enabled and stable
  scrolling into view if needed
  done scrolling
  <div unselectable="on" class="TelerikModalOverlay"></div> intercepts pointer events
retrying click action, attempt #57
  waiting 500ms
  waiting for element to be visible, enabled and stable
  element is visible, enabled and stable
  scrolling into view if needed
  done scrolling
  <div unselectable="on" class="TelerikModalOverlay"></div> intercepts pointer events
retrying click action, attempt #58
  waiting 500ms
  waiting for element to be visible, enabled and stable
  element is visible, enabled and stable
  scrolling into view if needed
  done scrolling
  <div unselectable="on" class="TelerikModalOverlay"></div> intercepts pointer events
retrying click action, attempt #59
  waiting 500ms
  waiting for element to be visible, enabled and stable
  element is visible, enabled and stable
  scrolling into view if needed
  done scrolling
  <div unselectable="on" class="TelerikModalOverlay"></div> intercepts pointer events
retrying click action, attempt #60
  waiting 500ms
  waiting for element to be visible, enabled and stable
  element is visible, enabled and stable
  scrolling into view if needed
  done scrolling
  <div unselectable="on" class="TelerikModalOverlay"></div> intercepts pointer events
retrying click action, attempt #61
  waiting 500ms
============================================================
    at ProgressController.run (C:\Users\Dell\AppData\Local\Temp\playwright-java-10247613160407580068\package\lib\server\progress.js:96:26)
    at Frame.click (C:\Users\Dell\AppData\Local\Temp\playwright-java-10247613160407580068\package\lib\server\frames.js:1197:23)
    at FrameDispatcher.click (C:\Users\Dell\AppData\Local\Temp\playwright-java-10247613160407580068\package\lib\server\dispatchers\frameDispatcher.js:173:30)
    at DispatcherConnection.dispatch (C:\Users\Dell\AppData\Local\Temp\playwright-java-10247613160407580068\package\lib\server\dispatchers\dispatcher.js:397:46)
}
	at com.microsoft.playwright.impl.WaitableResult.get(WaitableResult.java:52)
	at com.microsoft.playwright.impl.ChannelOwner.runUntil(ChannelOwner.java:109)
	at com.microsoft.playwright.impl.Connection.sendMessage(Connection.java:108)
	at com.microsoft.playwright.impl.ChannelOwner.sendMessage(ChannelOwner.java:100)
	at com.microsoft.playwright.impl.FrameImpl.clickImpl(FrameImpl.java:255)
	at com.microsoft.playwright.impl.FrameImpl.lambda$click$9(FrameImpl.java:246)
	at com.microsoft.playwright.impl.LoggingSupport.lambda$withLogging$0(LoggingSupport.java:36)
	at com.microsoft.playwright.impl.LoggingSupport.withLogging(LoggingSupport.java:47)
	at com.microsoft.playwright.impl.ChannelOwner.withLogging(ChannelOwner.java:85)
	at com.microsoft.playwright.impl.LoggingSupport.withLogging(LoggingSupport.java:35)
	at com.microsoft.playwright.impl.FrameImpl.click(FrameImpl.java:246)
	at com.microsoft.playwright.impl.LocatorImpl.click(LocatorImpl.java:133)
	at com.microsoft.playwright.Locator.click(Locator.java:1731)
	at pages.PinnedPopupPage.clickPinned(PinnedPopupPage.java:29)
	at testcases.FullUserJourneyTest.testPinnedPopup(FullUserJourneyTest.java:915)
	at java.base/jdk.internal.reflect.NativeMethodAccessorImpl.invoke0(Native Method)
	at java.base/jdk.internal.reflect.NativeMethodAccessorImpl.invoke(NativeMethodAccessorImpl.java:77)
	at java.base/jdk.internal.reflect.DelegatingMethodAccessorImpl.invoke(DelegatingMethodAccessorImpl.java:43)
	at java.base/java.lang.reflect.Method.invoke(Method.java:568)
	at org.testng.internal.MethodInvocationHelper.invokeMethod(MethodInvocationHelper.java:124)
	at org.testng.internal.Invoker.invokeMethod(Invoker.java:583)
	at org.testng.internal.Invoker.invokeTestMethod(Invoker.java:719)
	at org.testng.internal.Invoker.invokeTestMethods(Invoker.java:989)
	at org.testng.internal.TestMethodWorker.invokeTestMethods(TestMethodWorker.java:125)
	at org.testng.internal.TestMethodWorker.run(TestMethodWorker.java:109)
	at org.testng.TestRunner.privateRun(TestRunner.java:648)
	at org.testng.TestRunner.run(TestRunner.java:505)
	at org.testng.SuiteRunner.runTest(SuiteRunner.java:455)
	at org.testng.SuiteRunner.runSequentially(SuiteRunner.java:450)
	at org.testng.SuiteRunner.privateRun(SuiteRunner.java:415)
	at org.testng.SuiteRunner.run(SuiteRunner.java:364)
	at org.testng.SuiteRunnerWorker.runSuite(SuiteRunnerWorker.java:52)
	at org.testng.SuiteRunnerWorker.run(SuiteRunnerWorker.java:84)
	at org.testng.TestNG.runSuitesSequentially(TestNG.java:1208)
	at org.testng.TestNG.runSuitesLocally(TestNG.java:1137)
	at org.testng.TestNG.runSuites(TestNG.java:1049)
	at org.testng.TestNG.run(TestNG.java:1017)
	at org.apache.maven.surefire.testng.TestNGExecutor.run(TestNGExecutor.java:308)
	at org.apache.maven.surefire.testng.TestNGXmlTestSuite.execute(TestNGXmlTestSuite.java:71)
	at org.apache.maven.surefire.testng.TestNGProvider.invoke(TestNGProvider.java:113)
	at org.apache.maven.surefire.booter.ForkedBooter.runSuitesInProcess(ForkedBooter.java:385)
	at org.apache.maven.surefire.booter.ForkedBooter.execute(ForkedBooter.java:162)
	at org.apache.maven.surefire.booter.ForkedBooter.run(ForkedBooter.java:507)
	at org.apache.maven.surefire.booter.ForkedBooter.main(ForkedBooter.java:495)
Caused by: com.microsoft.playwright.TimeoutError: Error {
  message='Timeout 30000ms exceeded.
=========================== logs ===========================
waiting for selector "span:has-text('Pinned') >> nth=0"
  selector resolved to visible <span class="counterBootstrap" onclick="PinUnpinApplic…>…</span>
attempting click action
  waiting for element to be visible, enabled and stable
  element is visible, enabled and stable
  scrolling into view if needed
  done scrolling
  <div unselectable="on" class="TelerikModalOverlay"></div> intercepts pointer events
retrying click action, attempt #1
  waiting for element to be visible, enabled and stable
  element is visible, enabled and stable
  scrolling into view if needed
  done scrolling
  <div unselectable="on" class="TelerikModalOverlay"></div> intercepts pointer events
retrying click action, attempt #2
  waiting 20ms
  waiting for element to be visible, enabled and stable
  element is visible, enabled and stable
  scrolling into view if needed
  done scrolling
  <div unselectable="on" class="TelerikModalOverlay"></div> intercepts pointer events
retrying click action, attempt #3
  waiting 100ms
  waiting for element to be visible, enabled and stable
  element is visible, enabled and stable
  scrolling into view if needed
  done scrolling
  <div unselectable="on" class="TelerikModalOverlay"></div> intercepts pointer events
retrying click action, attempt #4
  waiting 100ms
  waiting for element to be visible, enabled and stable
  element is visible, enabled and stable
  scrolling into view if needed
  done scrolling
  <div unselectable="on" class="TelerikModalOverlay"></div> intercepts pointer events
retrying click action, attempt #5
  waiting 500ms
  waiting for element to be visible, enabled and stable
  element is visible, enabled and stable
  scrolling into view if needed
  done scrolling
  <div unselectable="on" class="TelerikModalOverlay"></div> intercepts pointer events
retrying click action, attempt #6
  waiting 500ms
  waiting for element to be visible, enabled and stable
  element is visible, enabled and stable
  scrolling into view if needed
  done scrolling
  <div unselectable="on" class="TelerikModalOverlay"></div> intercepts pointer events
retrying click action, attempt #7
  waiting 500ms
  waiting for element to be visible, enabled and stable
  element is visible, enabled and stable
  scrolling into view if needed
  done scrolling
  <div unselectable="on" class="TelerikModalOverlay"></div> intercepts pointer events
retrying click action, attempt #8
  waiting 500ms
  waiting for element to be visible, enabled and stable
  element is visible, enabled and stable
  scrolling into view if needed
  done scrolling
  <div unselectable="on" class="TelerikModalOverlay"></div> intercepts pointer events
retrying click action, attempt #9
  waiting 500ms
  waiting for element to be visible, enabled and stable
  element is visible, enabled and stable
  scrolling into view if needed
  done scrolling
  <div unselectable="on" class="TelerikModalOverlay"></div> intercepts pointer events
retrying click action, attempt #10
  waiting 500ms
  waiting for element to be visible, enabled and stable
  element is visible, enabled and stable
  scrolling into view if needed
  done scrolling
  <div unselectable="on" class="TelerikModalOverlay"></div> intercepts pointer events
retrying click action, attempt #11
  waiting 500ms
  waiting for element to be visible, enabled and stable
  element is visible, enabled and stable
  scrolling into view if needed
  done scrolling
  <div unselectable="on" class="TelerikModalOverlay"></div> intercepts pointer events
retrying click action, attempt #12
  waiting 500ms
  waiting for element to be visible, enabled and stable
  element is visible, enabled and stable
  scrolling into view if needed
  done scrolling
  <div unselectable="on" class="TelerikModalOverlay"></div> intercepts pointer events
retrying click action, attempt #13
  waiting 500ms
  waiting for element to be visible, enabled and stable
  element is visible, enabled and stable
  scrolling into view if needed
  done scrolling
  <div unselectable="on" class="TelerikModalOverlay"></div> intercepts pointer events
retrying click action, attempt #14
  waiting 500ms
  waiting for element to be visible, enabled and stable
  element is visible, enabled and stable
  scrolling into view if needed
  done scrolling
  <div unselectable="on" class="TelerikModalOverlay"></div> intercepts pointer events
retrying click action, attempt #15
  waiting 500ms
  waiting for element to be visible, enabled and stable
  element is visible, enabled and stable
  scrolling into view if needed
  done scrolling
  <div unselectable="on" class="TelerikModalOverlay"></div> intercepts pointer events
retrying click action, attempt #16
  waiting 500ms
  waiting for element to be visible, enabled and stable
  element is visible, enabled and stable
  scrolling into view if needed
  done scrolling
  <div unselectable="on" class="TelerikModalOverlay"></div> intercepts pointer events
retrying click action, attempt #17
  waiting 500ms
  waiting for element to be visible, enabled and stable
  element is visible, enabled and stable
  scrolling into view if needed
  done scrolling
  <div unselectable="on" class="TelerikModalOverlay"></div> intercepts pointer events
retrying click action, attempt #18
  waiting 500ms
  waiting for element to be visible, enabled and stable
  element is visible, enabled and stable
  scrolling into view if needed
  done scrolling
  <div unselectable="on" class="TelerikModalOverlay"></div> intercepts pointer events
retrying click action, attempt #19
  waiting 500ms
  waiting for element to be visible, enabled and stable
  element is visible, enabled and stable
  scrolling into view if needed
  done scrolling
  <div unselectable="on" class="TelerikModalOverlay"></div> intercepts pointer events
retrying click action, attempt #20
  waiting 500ms
  waiting for element to be visible, enabled and stable
  element is visible, enabled and stable
  scrolling into view if needed
  done scrolling
  <div unselectable="on" class="TelerikModalOverlay"></div> intercepts pointer events
retrying click action, attempt #21
  waiting 500ms
  waiting for element to be visible, enabled and stable
  element is visible, enabled and stable
  scrolling into view if needed
  done scrolling
  <div unselectable="on" class="TelerikModalOverlay"></div> intercepts pointer events
retrying click action, attempt #22
  waiting 500ms
  waiting for element to be visible, enabled and stable
  element is visible, enabled and stable
  scrolling into view if needed
  done scrolling
  <div unselectable="on" class="TelerikModalOverlay"></div> intercepts pointer events
retrying click action, attempt #23
  waiting 500ms
  waiting for element to be visible, enabled and stable
  element is visible, enabled and stable
  scrolling into view if needed
  done scrolling
  <div unselectable="on" class="TelerikModalOverlay"></div> intercepts pointer events
retrying click action, attempt #24
  waiting 500ms
  waiting for element to be visible, enabled and stable
  element is visible, enabled and stable
  scrolling into view if needed
  done scrolling
  <div unselectable="on" class="TelerikModalOverlay"></div> intercepts pointer events
retrying click action, attempt #25
  waiting 500ms
  waiting for element to be visible, enabled and stable
  element is visible, enabled and stable
  scrolling into view if needed
  done scrolling
  <div unselectable="on" class="TelerikModalOverlay"></div> intercepts pointer events
retrying click action, attempt #26
  waiting 500ms
  waiting for element to be visible, enabled and stable
  element is visible, enabled and stable
  scrolling into view if needed
  done scrolling
  <div unselectable="on" class="TelerikModalOverlay"></div> intercepts pointer events
retrying click action, attempt #27
  waiting 500ms
  waiting for element to be visible, enabled and stable
  element is visible, enabled and stable
  scrolling into view if needed
  done scrolling
  <div unselectable="on" class="TelerikModalOverlay"></div> intercepts pointer events
retrying click action, attempt #28
  waiting 500ms
  waiting for element to be visible, enabled and stable
  element is visible, enabled and stable
  scrolling into view if needed
  done scrolling
  <div unselectable="on" class="TelerikModalOverlay"></div> intercepts pointer events
retrying click action, attempt #29
  waiting 500ms
  waiting for element to be visible, enabled and stable
  element is visible, enabled and stable
  scrolling into view if needed
  done scrolling
  <div unselectable="on" class="TelerikModalOverlay"></div> intercepts pointer events
retrying click action, attempt #30
  waiting 500ms
  waiting for element to be visible, enabled and stable
  element is visible, enabled and stable
  scrolling into view if needed
  done scrolling
  <div unselectable="on" class="TelerikModalOverlay"></div> intercepts pointer events
retrying click action, attempt #31
  waiting 500ms
  waiting for element to be visible, enabled and stable
  element is visible, enabled and stable
  scrolling into view if needed
  done scrolling
  <div unselectable="on" class="TelerikModalOverlay"></div> intercepts pointer events
retrying click action, attempt #32
  waiting 500ms
  waiting for element to be visible, enabled and stable
  element is visible, enabled and stable
  scrolling into view if needed
  done scrolling
  <div unselectable="on" class="TelerikModalOverlay"></div> intercepts pointer events
retrying click action, attempt #33
  waiting 500ms
  waiting for element to be visible, enabled and stable
  element is visible, enabled and stable
  scrolling into view if needed
  done scrolling
  <div unselectable="on" class="TelerikModalOverlay"></div> intercepts pointer events
retrying click action, attempt #34
  waiting 500ms
  waiting for element to be visible, enabled and stable
  element is visible, enabled and stable
  scrolling into view if needed
  done scrolling
  <div unselectable="on" class="TelerikModalOverlay"></div> intercepts pointer events
retrying click action, attempt #35
  waiting 500ms
  waiting for element to be visible, enabled and stable
  element is visible, enabled and stable
  scrolling into view if needed
  done scrolling
  <div unselectable="on" class="TelerikModalOverlay"></div> intercepts pointer events
retrying click action, attempt #36
  waiting 500ms
  waiting for element to be visible, enabled and stable
  element is visible, enabled and stable
  scrolling into view if needed
  done scrolling
  <div unselectable="on" class="TelerikModalOverlay"></div> intercepts pointer events
retrying click action, attempt #37
  waiting 500ms
  waiting for element to be visible, enabled and stable
  element is visible, enabled and stable
  scrolling into view if needed
  done scrolling
  <div unselectable="on" class="TelerikModalOverlay"></div> intercepts pointer events
retrying click action, attempt #38
  waiting 500ms
  waiting for element to be visible, enabled and stable
  element is visible, enabled and stable
  scrolling into view if needed
  done scrolling
  <div unselectable="on" class="TelerikModalOverlay"></div> intercepts pointer events
retrying click action, attempt #39
  waiting 500ms
  waiting for element to be visible, enabled and stable
  element is visible, enabled and stable
  scrolling into view if needed
  done scrolling
  <div unselectable="on" class="TelerikModalOverlay"></div> intercepts pointer events
retrying click action, attempt #40
  waiting 500ms
  waiting for element to be visible, enabled and stable
  element is visible, enabled and stable
  scrolling into view if needed
  done scrolling
  <div unselectable="on" class="TelerikModalOverlay"></div> intercepts pointer events
retrying click action, attempt #41
  waiting 500ms
  waiting for element to be visible, enabled and stable
  element is visible, enabled and stable
  scrolling into view if needed
  done scrolling
  <div unselectable="on" class="TelerikModalOverlay"></div> intercepts pointer events
retrying click action, attempt #42
  waiting 500ms
  waiting for element to be visible, enabled and stable
  element is visible, enabled and stable
  scrolling into view if needed
  done scrolling
  <div unselectable="on" class="TelerikModalOverlay"></div> intercepts pointer events
retrying click action, attempt #43
  waiting 500ms
  waiting for element to be visible, enabled and stable
  element is visible, enabled and stable
  scrolling into view if needed
  done scrolling
  <div unselectable="on" class="TelerikModalOverlay"></div> intercepts pointer events
retrying click action, attempt #44
  waiting 500ms
  waiting for element to be visible, enabled and stable
  element is visible, enabled and stable
  scrolling into view if needed
  done scrolling
  <div unselectable="on" class="TelerikModalOverlay"></div> intercepts pointer events
retrying click action, attempt #45
  waiting 500ms
  waiting for element to be visible, enabled and stable
  element is visible, enabled and stable
  scrolling into view if needed
  done scrolling
  <div unselectable="on" class="TelerikModalOverlay"></div> intercepts pointer events
retrying click action, attempt #46
  waiting 500ms
  waiting for element to be visible, enabled and stable
  element is visible, enabled and stable
  scrolling into view if needed
  done scrolling
  <div unselectable="on" class="TelerikModalOverlay"></div> intercepts pointer events
retrying click action, attempt #47
  waiting 500ms
  waiting for element to be visible, enabled and stable
  element is visible, enabled and stable
  scrolling into view if needed
  done scrolling
  <div unselectable="on" class="TelerikModalOverlay"></div> intercepts pointer events
retrying click action, attempt #48
  waiting 500ms
  waiting for element to be visible, enabled and stable
  element is visible, enabled and stable
  scrolling into view if needed
  done scrolling
  <div unselectable="on" class="TelerikModalOverlay"></div> intercepts pointer events
retrying click action, attempt #49
  waiting 500ms
  waiting for element to be visible, enabled and stable
  element is visible, enabled and stable
  scrolling into view if needed
  done scrolling
  <div unselectable="on" class="TelerikModalOverlay"></div> intercepts pointer events
retrying click action, attempt #50
  waiting 500ms
  waiting for element to be visible, enabled and stable
  element is visible, enabled and stable
  scrolling into view if needed
  done scrolling
  <div unselectable="on" class="TelerikModalOverlay"></div> intercepts pointer events
retrying click action, attempt #51
  waiting 500ms
  waiting for element to be visible, enabled and stable
  element is visible, enabled and stable
  scrolling into view if needed
  done scrolling
  <div unselectable="on" class="TelerikModalOverlay"></div> intercepts pointer events
retrying click action, attempt #52
  waiting 500ms
  waiting for element to be visible, enabled and stable
  element is visible, enabled and stable
  scrolling into view if needed
  done scrolling
  <div unselectable="on" class="TelerikModalOverlay"></div> intercepts pointer events
retrying click action, attempt #53
  waiting 500ms
  waiting for element to be visible, enabled and stable
  element is visible, enabled and stable
  scrolling into view if needed
  done scrolling
  <div unselectable="on" class="TelerikModalOverlay"></div> intercepts pointer events
retrying click action, attempt #54
  waiting 500ms
  waiting for element to be visible, enabled and stable
  element is visible, enabled and stable
  scrolling into view if needed
  done scrolling
  <div unselectable="on" class="TelerikModalOverlay"></div> intercepts pointer events
retrying click action, attempt #55
  waiting 500ms
  waiting for element to be visible, enabled and stable
  element is visible, enabled and stable
  scrolling into view if needed
  done scrolling
  <div unselectable="on" class="TelerikModalOverlay"></div> intercepts pointer events
retrying click action, attempt #56
  waiting 500ms
  waiting for element to be visible, enabled and stable
  element is visible, enabled and stable
  scrolling into view if needed
  done scrolling
  <div unselectable="on" class="TelerikModalOverlay"></div> intercepts pointer events
retrying click action, attempt #57
  waiting 500ms
  waiting for element to be visible, enabled and stable
  element is visible, enabled and stable
  scrolling into view if needed
  done scrolling
  <div unselectable="on" class="TelerikModalOverlay"></div> intercepts pointer events
retrying click action, attempt #58
  waiting 500ms
  waiting for element to be visible, enabled and stable
  element is visible, enabled and stable
  scrolling into view if needed
  done scrolling
  <div unselectable="on" class="TelerikModalOverlay"></div> intercepts pointer events
retrying click action, attempt #59
  waiting 500ms
  waiting for element to be visible, enabled and stable
  element is visible, enabled and stable
  scrolling into view if needed
  done scrolling
  <div unselectable="on" class="TelerikModalOverlay"></div> intercepts pointer events
retrying click action, attempt #60
  waiting 500ms
  waiting for element to be visible, enabled and stable
  element is visible, enabled and stable
  scrolling into view if needed
  done scrolling
  <div unselectable="on" class="TelerikModalOverlay"></div> intercepts pointer events
retrying click action, attempt #61
  waiting 500ms
============================================================
  name='TimeoutError
  stack='TimeoutError: Timeout 30000ms exceeded.
=========================== logs ===========================
waiting for selector "span:has-text('Pinned') >> nth=0"
  selector resolved to visible <span class="counterBootstrap" onclick="PinUnpinApplic…>…</span>
attempting click action
  waiting for element to be visible, enabled and stable
  element is visible, enabled and stable
  scrolling into view if needed
  done scrolling
  <div unselectable="on" class="TelerikModalOverlay"></div> intercepts pointer events
retrying click action, attempt #1
  waiting for element to be visible, enabled and stable
  element is visible, enabled and stable
  scrolling into view if needed
  done scrolling
  <div unselectable="on" class="TelerikModalOverlay"></div> intercepts pointer events
retrying click action, attempt #2
  waiting 20ms
  waiting for element to be visible, enabled and stable
  element is visible, enabled and stable
  scrolling into view if needed
  done scrolling
  <div unselectable="on" class="TelerikModalOverlay"></div> intercepts pointer events
retrying click action, attempt #3
  waiting 100ms
  waiting for element to be visible, enabled and stable
  element is visible, enabled and stable
  scrolling into view if needed
  done scrolling
  <div unselectable="on" class="TelerikModalOverlay"></div> intercepts pointer events
retrying click action, attempt #4
  waiting 100ms
  waiting for element to be visible, enabled and stable
  element is visible, enabled and stable
  scrolling into view if needed
  done scrolling
  <div unselectable="on" class="TelerikModalOverlay"></div> intercepts pointer events
retrying click action, attempt #5
  waiting 500ms
  waiting for element to be visible, enabled and stable
  element is visible, enabled and stable
  scrolling into view if needed
  done scrolling
  <div unselectable="on" class="TelerikModalOverlay"></div> intercepts pointer events
retrying click action, attempt #6
  waiting 500ms
  waiting for element to be visible, enabled and stable
  element is visible, enabled and stable
  scrolling into view if needed
  done scrolling
  <div unselectable="on" class="TelerikModalOverlay"></div> intercepts pointer events
retrying click action, attempt #7
  waiting 500ms
  waiting for element to be visible, enabled and stable
  element is visible, enabled and stable
  scrolling into view if needed
  done scrolling
  <div unselectable="on" class="TelerikModalOverlay"></div> intercepts pointer events
retrying click action, attempt #8
  waiting 500ms
  waiting for element to be visible, enabled and stable
  element is visible, enabled and stable
  scrolling into view if needed
  done scrolling
  <div unselectable="on" class="TelerikModalOverlay"></div> intercepts pointer events
retrying click action, attempt #9
  waiting 500ms
  waiting for element to be visible, enabled and stable
  element is visible, enabled and stable
  scrolling into view if needed
  done scrolling
  <div unselectable="on" class="TelerikModalOverlay"></div> intercepts pointer events
retrying click action, attempt #10
  waiting 500ms
  waiting for element to be visible, enabled and stable
  element is visible, enabled and stable
  scrolling into view if needed
  done scrolling
  <div unselectable="on" class="TelerikModalOverlay"></div> intercepts pointer events
retrying click action, attempt #11
  waiting 500ms
  waiting for element to be visible, enabled and stable
  element is visible, enabled and stable
  scrolling into view if needed
  done scrolling
  <div unselectable="on" class="TelerikModalOverlay"></div> intercepts pointer events
retrying click action, attempt #12
  waiting 500ms
  waiting for element to be visible, enabled and stable
  element is visible, enabled and stable
  scrolling into view if needed
  done scrolling
  <div unselectable="on" class="TelerikModalOverlay"></div> intercepts pointer events
retrying click action, attempt #13
  waiting 500ms
  waiting for element to be visible, enabled and stable
  element is visible, enabled and stable
  scrolling into view if needed
  done scrolling
  <div unselectable="on" class="TelerikModalOverlay"></div> intercepts pointer events
retrying click action, attempt #14
  waiting 500ms
  waiting for element to be visible, enabled and stable
  element is visible, enabled and stable
  scrolling into view if needed
  done scrolling
  <div unselectable="on" class="TelerikModalOverlay"></div> intercepts pointer events
retrying click action, attempt #15
  waiting 500ms
  waiting for element to be visible, enabled and stable
  element is visible, enabled and stable
  scrolling into view if needed
  done scrolling
  <div unselectable="on" class="TelerikModalOverlay"></div> intercepts pointer events
retrying click action, attempt #16
  waiting 500ms
  waiting for element to be visible, enabled and stable
  element is visible, enabled and stable
  scrolling into view if needed
  done scrolling
  <div unselectable="on" class="TelerikModalOverlay"></div> intercepts pointer events
retrying click action, attempt #17
  waiting 500ms
  waiting for element to be visible, enabled and stable
  element is visible, enabled and stable
  scrolling into view if needed
  done scrolling
  <div unselectable="on" class="TelerikModalOverlay"></div> intercepts pointer events
retrying click action, attempt #18
  waiting 500ms
  waiting for element to be visible, enabled and stable
  element is visible, enabled and stable
  scrolling into view if needed
  done scrolling
  <div unselectable="on" class="TelerikModalOverlay"></div> intercepts pointer events
retrying click action, attempt #19
  waiting 500ms
  waiting for element to be visible, enabled and stable
  element is visible, enabled and stable
  scrolling into view if needed
  done scrolling
  <div unselectable="on" class="TelerikModalOverlay"></div> intercepts pointer events
retrying click action, attempt #20
  waiting 500ms
  waiting for element to be visible, enabled and stable
  element is visible, enabled and stable
  scrolling into view if needed
  done scrolling
  <div unselectable="on" class="TelerikModalOverlay"></div> intercepts pointer events
retrying click action, attempt #21
  waiting 500ms
  waiting for element to be visible, enabled and stable
  element is visible, enabled and stable
  scrolling into view if needed
  done scrolling
  <div unselectable="on" class="TelerikModalOverlay"></div> intercepts pointer events
retrying click action, attempt #22
  waiting 500ms
  waiting for element to be visible, enabled and stable
  element is visible, enabled and stable
  scrolling into view if needed
  done scrolling
  <div unselectable="on" class="TelerikModalOverlay"></div> intercepts pointer events
retrying click action, attempt #23
  waiting 500ms
  waiting for element to be visible, enabled and stable
  element is visible, enabled and stable
  scrolling into view if needed
  done scrolling
  <div unselectable="on" class="TelerikModalOverlay"></div> intercepts pointer events
retrying click action, attempt #24
  waiting 500ms
  waiting for element to be visible, enabled and stable
  element is visible, enabled and stable
  scrolling into view if needed
  done scrolling
  <div unselectable="on" class="TelerikModalOverlay"></div> intercepts pointer events
retrying click action, attempt #25
  waiting 500ms
  waiting for element to be visible, enabled and stable
  element is visible, enabled and stable
  scrolling into view if needed
  done scrolling
  <div unselectable="on" class="TelerikModalOverlay"></div> intercepts pointer events
retrying click action, attempt #26
  waiting 500ms
  waiting for element to be visible, enabled and stable
  element is visible, enabled and stable
  scrolling into view if needed
  done scrolling
  <div unselectable="on" class="TelerikModalOverlay"></div> intercepts pointer events
retrying click action, attempt #27
  waiting 500ms
  waiting for element to be visible, enabled and stable
  element is visible, enabled and stable
  scrolling into view if needed
  done scrolling
  <div unselectable="on" class="TelerikModalOverlay"></div> intercepts pointer events
retrying click action, attempt #28
  waiting 500ms
  waiting for element to be visible, enabled and stable
  element is visible, enabled and stable
  scrolling into view if needed
  done scrolling
  <div unselectable="on" class="TelerikModalOverlay"></div> intercepts pointer events
retrying click action, attempt #29
  waiting 500ms
  waiting for element to be visible, enabled and stable
  element is visible, enabled and stable
  scrolling into view if needed
  done scrolling
  <div unselectable="on" class="TelerikModalOverlay"></div> intercepts pointer events
retrying click action, attempt #30
  waiting 500ms
  waiting for element to be visible, enabled and stable
  element is visible, enabled and stable
  scrolling into view if needed
  done scrolling
  <div unselectable="on" class="TelerikModalOverlay"></div> intercepts pointer events
retrying click action, attempt #31
  waiting 500ms
  waiting for element to be visible, enabled and stable
  element is visible, enabled and stable
  scrolling into view if needed
  done scrolling
  <div unselectable="on" class="TelerikModalOverlay"></div> intercepts pointer events
retrying click action, attempt #32
  waiting 500ms
  waiting for element to be visible, enabled and stable
  element is visible, enabled and stable
  scrolling into view if needed
  done scrolling
  <div unselectable="on" class="TelerikModalOverlay"></div> intercepts pointer events
retrying click action, attempt #33
  waiting 500ms
  waiting for element to be visible, enabled and stable
  element is visible, enabled and stable
  scrolling into view if needed
  done scrolling
  <div unselectable="on" class="TelerikModalOverlay"></div> intercepts pointer events
retrying click action, attempt #34
  waiting 500ms
  waiting for element to be visible, enabled and stable
  element is visible, enabled and stable
  scrolling into view if needed
  done scrolling
  <div unselectable="on" class="TelerikModalOverlay"></div> intercepts pointer events
retrying click action, attempt #35
  waiting 500ms
  waiting for element to be visible, enabled and stable
  element is visible, enabled and stable
  scrolling into view if needed
  done scrolling
  <div unselectable="on" class="TelerikModalOverlay"></div> intercepts pointer events
retrying click action, attempt #36
  waiting 500ms
  waiting for element to be visible, enabled and stable
  element is visible, enabled and stable
  scrolling into view if needed
  done scrolling
  <div unselectable="on" class="TelerikModalOverlay"></div> intercepts pointer events
retrying click action, attempt #37
  waiting 500ms
  waiting for element to be visible, enabled and stable
  element is visible, enabled and stable
  scrolling into view if needed
  done scrolling
  <div unselectable="on" class="TelerikModalOverlay"></div> intercepts pointer events
retrying click action, attempt #38
  waiting 500ms
  waiting for element to be visible, enabled and stable
  element is visible, enabled and stable
  scrolling into view if needed
  done scrolling
  <div unselectable="on" class="TelerikModalOverlay"></div> intercepts pointer events
retrying click action, attempt #39
  waiting 500ms
  waiting for element to be visible, enabled and stable
  element is visible, enabled and stable
  scrolling into view if needed
  done scrolling
  <div unselectable="on" class="TelerikModalOverlay"></div> intercepts pointer events
retrying click action, attempt #40
  waiting 500ms
  waiting for element to be visible, enabled and stable
  element is visible, enabled and stable
  scrolling into view if needed
  done scrolling
  <div unselectable="on" class="TelerikModalOverlay"></div> intercepts pointer events
retrying click action, attempt #41
  waiting 500ms
  waiting for element to be visible, enabled and stable
  element is visible, enabled and stable
  scrolling into view if needed
  done scrolling
  <div unselectable="on" class="TelerikModalOverlay"></div> intercepts pointer events
retrying click action, attempt #42
  waiting 500ms
  waiting for element to be visible, enabled and stable
  element is visible, enabled and stable
  scrolling into view if needed
  done scrolling
  <div unselectable="on" class="TelerikModalOverlay"></div> intercepts pointer events
retrying click action, attempt #43
  waiting 500ms
  waiting for element to be visible, enabled and stable
  element is visible, enabled and stable
  scrolling into view if needed
  done scrolling
  <div unselectable="on" class="TelerikModalOverlay"></div> intercepts pointer events
retrying click action, attempt #44
  waiting 500ms
  waiting for element to be visible, enabled and stable
  element is visible, enabled and stable
  scrolling into view if needed
  done scrolling
  <div unselectable="on" class="TelerikModalOverlay"></div> intercepts pointer events
retrying click action, attempt #45
  waiting 500ms
  waiting for element to be visible, enabled and stable
  element is visible, enabled and stable
  scrolling into view if needed
  done scrolling
  <div unselectable="on" class="TelerikModalOverlay"></div> intercepts pointer events
retrying click action, attempt #46
  waiting 500ms
  waiting for element to be visible, enabled and stable
  element is visible, enabled and stable
  scrolling into view if needed
  done scrolling
  <div unselectable="on" class="TelerikModalOverlay"></div> intercepts pointer events
retrying click action, attempt #47
  waiting 500ms
  waiting for element to be visible, enabled and stable
  element is visible, enabled and stable
  scrolling into view if needed
  done scrolling
  <div unselectable="on" class="TelerikModalOverlay"></div> intercepts pointer events
retrying click action, attempt #48
  waiting 500ms
  waiting for element to be visible, enabled and stable
  element is visible, enabled and stable
  scrolling into view if needed
  done scrolling
  <div unselectable="on" class="TelerikModalOverlay"></div> intercepts pointer events
retrying click action, attempt #49
  waiting 500ms
  waiting for element to be visible, enabled and stable
  element is visible, enabled and stable
  scrolling into view if needed
  done scrolling
  <div unselectable="on" class="TelerikModalOverlay"></div> intercepts pointer events
retrying click action, attempt #50
  waiting 500ms
  waiting for element to be visible, enabled and stable
  element is visible, enabled and stable
  scrolling into view if needed
  done scrolling
  <div unselectable="on" class="TelerikModalOverlay"></div> intercepts pointer events
retrying click action, attempt #51
  waiting 500ms
  waiting for element to be visible, enabled and stable
  element is visible, enabled and stable
  scrolling into view if needed
  done scrolling
  <div unselectable="on" class="TelerikModalOverlay"></div> intercepts pointer events
retrying click action, attempt #52
  waiting 500ms
  waiting for element to be visible, enabled and stable
  element is visible, enabled and stable
  scrolling into view if needed
  done scrolling
  <div unselectable="on" class="TelerikModalOverlay"></div> intercepts pointer events
retrying click action, attempt #53
  waiting 500ms
  waiting for element to be visible, enabled and stable
  element is visible, enabled and stable
  scrolling into view if needed
  done scrolling
  <div unselectable="on" class="TelerikModalOverlay"></div> intercepts pointer events
retrying click action, attempt #54
  waiting 500ms
  waiting for element to be visible, enabled and stable
  element is visible, enabled and stable
  scrolling into view if needed
  done scrolling
  <div unselectable="on" class="TelerikModalOverlay"></div> intercepts pointer events
retrying click action, attempt #55
  waiting 500ms
  waiting for element to be visible, enabled and stable
  element is visible, enabled and stable
  scrolling into view if needed
  done scrolling
  <div unselectable="on" class="TelerikModalOverlay"></div> intercepts pointer events
retrying click action, attempt #56
  waiting 500ms
  waiting for element to be visible, enabled and stable
  element is visible, enabled and stable
  scrolling into view if needed
  done scrolling
  <div unselectable="on" class="TelerikModalOverlay"></div> intercepts pointer events
retrying click action, attempt #57
  waiting 500ms
  waiting for element to be visible, enabled and stable
  element is visible, enabled and stable
  scrolling into view if needed
  done scrolling
  <div unselectable="on" class="TelerikModalOverlay"></div> intercepts pointer events
retrying click action, attempt #58
  waiting 500ms
  waiting for element to be visible, enabled and stable
  element is visible, enabled and stable
  scrolling into view if needed
  done scrolling
  <div unselectable="on" class="TelerikModalOverlay"></div> intercepts pointer events
retrying click action, attempt #59
  waiting 500ms
  waiting for element to be visible, enabled and stable
  element is visible, enabled and stable
  scrolling into view if needed
  done scrolling
  <div unselectable="on" class="TelerikModalOverlay"></div> intercepts pointer events
retrying click action, attempt #60
  waiting 500ms
  waiting for element to be visible, enabled and stable
  element is visible, enabled and stable
  scrolling into view if needed
  done scrolling
  <div unselectable="on" class="TelerikModalOverlay"></div> intercepts pointer events
retrying click action, attempt #61
  waiting 500ms
============================================================
    at ProgressController.run (C:\Users\Dell\AppData\Local\Temp\playwright-java-10247613160407580068\package\lib\server\progress.js:96:26)
    at Frame.click (C:\Users\Dell\AppData\Local\Temp\playwright-java-10247613160407580068\package\lib\server\frames.js:1197:23)
    at FrameDispatcher.click (C:\Users\Dell\AppData\Local\Temp\playwright-java-10247613160407580068\package\lib\server\dispatchers\frameDispatcher.js:173:30)
    at DispatcherConnection.dispatch (C:\Users\Dell\AppData\Local\Temp\playwright-java-10247613160407580068\package\lib\server\dispatchers\dispatcher.js:397:46)
}
	at com.microsoft.playwright.impl.Connection.dispatch(Connection.java:188)
	at com.microsoft.playwright.impl.Connection.processOneMessage(Connection.java:170)
	at com.microsoft.playwright.impl.ChannelOwner.runUntil(ChannelOwner.java:107)
	... 42 more

