<?xml version="1.0" encoding="UTF-8"?>
<testsuite xmlns:xsi="http://www.w3.org/2001/XMLSchema-instance" xsi:noNamespaceSchemaLocation="https://maven.apache.org/surefire/maven-surefire-plugin/xsd/surefire-test-report-3.0.xsd" version="3.0" name="TestSuite" time="733.166" tests="12" errors="0" skipped="0" failures="3">
  <properties>
[...]
</properties>
  <testcase name="adminMenuNavigation" classname="testcases.FullUserJourneyTest" time="121.839">
    <system-out><![CDATA[[TestNGContentHandler] [WARN] It is strongly recommended to add "<!DOCTYPE suite SYSTEM "http://testng.org/testng-1.0.dtd" >" at the top of your file, otherwise TestNG may fail or not work as expected.
2025-08-05 18:18:18 INFO  BaseTest:63 - Test Execution Started
 2025-08-05 18:18:18 INFO  BaseTest:69 - OR.properties file loaded
 2025-08-05 18:18:27 INFO  BaseTest:326 - Navigating to base URL: https://demo.flairdocs.com/CADOTV2/Login.aspx
 2025-08-05 18:18:27 WARN  BaseTest:182 - Could not log to ExtentReport: Navigating to base URL: https://demo.flairdocs.com/CADOTV2/Login.aspx
 2025-08-05 18:18:32 INFO  BaseTest:333 - Page title: Flairdocs Login
 2025-08-05 18:18:32 WARN  BaseTest:182 - Could not log to ExtentReport: Page title: Flairdocs Login
 2025-08-05 18:18:32 INFO  BaseTest:339 - Login page loaded: username field visible.
 2025-08-05 18:18:32 WARN  BaseTest:182 - Could not log to ExtentReport: Login page loaded: username field visible.
 2025-08-05 18:18:33 INFO  BaseTest:349 - Filled username and password.
 2025-08-05 18:18:33 WARN  BaseTest:182 - Could not log to ExtentReport: Filled username and password.
 2025-08-05 18:18:33 INFO  BaseTest:357 - Login button is visible.
 2025-08-05 18:18:33 WARN  BaseTest:182 - Could not log to ExtentReport: Login button is visible.
 2025-08-05 18:18:47 INFO  BaseTest:372 - Clicked login button.
 2025-08-05 18:18:47 WARN  BaseTest:182 - Could not log to ExtentReport: Clicked login button.
 2025-08-05 18:18:49 INFO  BaseTest:377 - Navigation after login completed.
 2025-08-05 18:18:49 WARN  BaseTest:182 - Could not log to ExtentReport: Navigation after login completed.
 2025-08-05 18:18:49 INFO  BaseTest:385 - Successfully logged in; found post-login selector: .header-image-container[title='Flairdocs']
 2025-08-05 18:18:49 WARN  BaseTest:182 - Could not log to ExtentReport: Successfully logged in; found post-login selector: .header-image-container[title='Flairdocs']
 2025-08-05 18:18:49 WARN  BaseTest:189 - Could not log PASS to ExtentReport (test object is null): Login successful
 2025-08-05 18:18:49 INFO  ExtentListeners:29 - Test Suite starting: Flairdocs Suite
 2025-08-05 18:18:49 INFO  ExtentListeners:29 - Test Suite starting: Flairdocs Suite
 2025-08-05 18:18:49 INFO  BaseTest:114 - Setting up test: FullUserJourneyTest.adminMenuNavigation
 2025-08-05 18:18:49 WARN  BaseTest:118 - ExtentTest is null in setupTest, creating a fallback
 2025-08-05 18:18:49 INFO  ExtentListeners:37 - === Starting test: testcases.FullUserJourneyTest.adminMenuNavigation ===
 2025-08-05 18:18:49 INFO  ExtentListeners:37 - === Starting test: testcases.FullUserJourneyTest.adminMenuNavigation ===
 2025-08-05 18:18:49 INFO  FullUserJourneyTest:39 - Starting admin menu navigation test
 2025-08-05 18:18:49 INFO  FullUserJourneyTest:43 - Waiting for page to be fully loaded...
 2025-08-05 18:18:50 INFO  FullUserJourneyTest:55 - Clicking Admin menu...
 2025-08-05 18:18:50 INFO  FullUserJourneyTest:66 - Is admin menu visible: true
 2025-08-05 18:18:50 INFO  FullUserJourneyTest:77 - Admin menu title: Admin
 2025-08-05 18:18:50 INFO  FullUserJourneyTest:134 - Processing admin item: Application Logs
 2025-08-05 18:18:54 INFO  FullUserJourneyTest:134 - Processing admin item: Application Roles and Work Groups
 2025-08-05 18:18:58 INFO  FullUserJourneyTest:134 - Processing admin item: User Management
 2025-08-05 18:19:01 INFO  FullUserJourneyTest:134 - Processing admin item: Work Group Office Information
 2025-08-05 18:19:05 INFO  FullUserJourneyTest:134 - Processing admin item: Contracting Company Details
 2025-08-05 18:19:08 INFO  FullUserJourneyTest:134 - Processing admin item: Contracting Price Agreements
 2025-08-05 18:19:11 INFO  FullUserJourneyTest:134 - Processing admin item: Dropdowns
 2025-08-05 18:19:15 INFO  FullUserJourneyTest:134 - Processing admin item: Configure Distribution Lists
 2025-08-05 18:19:18 INFO  FullUserJourneyTest:134 - Processing admin item: Estimation Cost Factors
 2025-08-05 18:19:22 INFO  FullUserJourneyTest:134 - Processing admin item: Expected Work Duration
 2025-08-05 18:19:25 INFO  FullUserJourneyTest:134 - Processing admin item: Delete Projects and Files
 2025-08-05 18:19:28 INFO  FullUserJourneyTest:134 - Processing admin item: Move File Panel
 2025-08-05 18:19:31 INFO  FullUserJourneyTest:134 - Processing admin item: Canned Report
 2025-08-05 18:19:35 INFO  FullUserJourneyTest:134 - Processing admin item: Bulk Upload Documents
 2025-08-05 18:19:38 INFO  FullUserJourneyTest:134 - Processing admin item: Bulk Generate Documents
 2025-08-05 18:19:41 INFO  FullUserJourneyTest:134 - Processing admin item: Document Metadata Attributes
 2025-08-05 18:19:45 INFO  FullUserJourneyTest:134 - Processing admin item: Document Packages
 2025-08-05 18:19:48 INFO  FullUserJourneyTest:134 - Processing admin item: Document Type Configuration
 2025-08-05 18:20:00 INFO  FullUserJourneyTest:134 - Processing admin item: Template and Clause Maintenance
 2025-08-05 18:20:05 INFO  FullUserJourneyTest:134 - Processing admin item: Civil Certification / Board Approval
 2025-08-05 18:20:11 INFO  FullUserJourneyTest:134 - Processing admin item: Production Plans
 2025-08-05 18:20:14 INFO  FullUserJourneyTest:134 - Processing admin item: QA Data
 2025-08-05 18:20:18 INFO  FullUserJourneyTest:134 - Processing admin item: Help Content
 2025-08-05 18:20:21 INFO  FullUserJourneyTest:134 - Processing admin item: FlairBOT Library
 2025-08-05 18:20:27 INFO  FullUserJourneyTest:134 - Processing admin item: Workflow Activity
 2025-08-05 18:20:30 INFO  FullUserJourneyTest:134 - Processing admin item: Notifications Configuration
 2025-08-05 18:20:39 INFO  FullUserJourneyTest:134 - Processing admin item: Workflow Designer
 2025-08-05 18:20:42 INFO  FullUserJourneyTest:134 - Processing admin item: Environment Copy
 2025-08-05 18:20:45 INFO  FullUserJourneyTest:134 - Processing admin item: Application Configuration
 2025-08-05 18:20:48 INFO  FullUserJourneyTest:134 - Processing admin item: Checklist Configuration
 2025-08-05 18:20:51 INFO  FullUserJourneyTest:183 - Admin menu navigation test completed
 2025-08-05 18:20:51 INFO  ExtentListeners:46 - === TEST PASSED: adminMenuNavigation ===
 ]]></system-out>
  </testcase>
  <testcase name="panelExpansion" classname="testcases.FullUserJourneyTest" time="22.679">
    <system-out><![CDATA[2025-08-05 18:20:51 INFO  ExtentListeners:46 - === TEST PASSED: adminMenuNavigation ===
 2025-08-05 18:20:51 INFO  BaseTest:114 - Setting up test: FullUserJourneyTest.panelExpansion
 2025-08-05 18:20:51 INFO  BaseTest:123 - ExtentTest initialized for test: FullUserJourneyTest.panelExpansion
 2025-08-05 18:20:51 INFO  ExtentListeners:37 - === Starting test: testcases.FullUserJourneyTest.panelExpansion ===
 2025-08-05 18:20:51 INFO  ExtentListeners:37 - === Starting test: testcases.FullUserJourneyTest.panelExpansion ===
 2025-08-05 18:20:51 INFO  FullUserJourneyTest:192 - Starting panel expansion test
 2025-08-05 18:20:51 INFO  FullUserJourneyTest:206 - Selecting domain: Acquisition
 2025-08-05 18:20:54 INFO  FullUserJourneyTest:211 - Selecting project: 59650 
 2025-08-05 18:21:03 INFO  FullUserJourneyTest:216 - Navigating to project details
 2025-08-05 18:21:03 INFO  FullUserJourneyTest:27 - PASS: Panel should be initially collapsed
 2025-08-05 18:21:12 INFO  FullUserJourneyTest:27 - PASS: Panel should be expanded after clicking expand button
 2025-08-05 18:21:14 INFO  FullUserJourneyTest:27 - PASS: Panel should be collapsed after clicking collapse button
 2025-08-05 18:21:14 INFO  FullUserJourneyTest:56 - All soft assertions passed. Total passes: 3
 2025-08-05 18:21:14 INFO  FullUserJourneyTest:255 - Panel expansion test completed
 2025-08-05 18:21:14 INFO  ExtentListeners:46 - === TEST PASSED: panelExpansion ===
 ]]></system-out>
  </testcase>
  <testcase name="createNewFileAndCheckRow" classname="testcases.FullUserJourneyTest" time="21.712">
    <system-out><![CDATA[2025-08-05 18:21:14 INFO  ExtentListeners:46 - === TEST PASSED: panelExpansion ===
 2025-08-05 18:21:14 INFO  BaseTest:114 - Setting up test: FullUserJourneyTest.createNewFileAndCheckRow
 2025-08-05 18:21:14 INFO  BaseTest:123 - ExtentTest initialized for test: FullUserJourneyTest.createNewFileAndCheckRow
 2025-08-05 18:21:14 INFO  ExtentListeners:37 - === Starting test: testcases.FullUserJourneyTest.createNewFileAndCheckRow ===
 2025-08-05 18:21:14 INFO  ExtentListeners:37 - === Starting test: testcases.FullUserJourneyTest.createNewFileAndCheckRow ===
 2025-08-05 18:21:14 INFO  FullUserJourneyTest:263 - Starting create new file and check row test
 2025-08-05 18:21:14 INFO  FullUserJourneyTest:277 - Selecting domain: Acquisition
 2025-08-05 18:21:25 INFO  FullUserJourneyTest:281 - Selecting project: 59650 
 2025-08-05 18:21:30 INFO  FullUserJourneyTest:288 - Creating new file with ROW ID: "TEST_ROWID"; and verifying its presence.
 2025-08-05 18:21:36 INFO  FullUserJourneyTest:313 - Create new file test completed
 2025-08-05 18:21:36 INFO  ExtentListeners:46 - === TEST PASSED: createNewFileAndCheckRow ===
 ]]></system-out>
  </testcase>
  <testcase name="completeLoginAndTabSelection" classname="testcases.FullUserJourneyTest" time="78.166">
    <system-out><![CDATA[2025-08-05 18:21:36 INFO  ExtentListeners:46 - === TEST PASSED: createNewFileAndCheckRow ===
 2025-08-05 18:21:36 INFO  BaseTest:114 - Setting up test: FullUserJourneyTest.completeLoginAndTabSelection
 2025-08-05 18:21:36 INFO  BaseTest:123 - ExtentTest initialized for test: FullUserJourneyTest.completeLoginAndTabSelection
 2025-08-05 18:21:36 INFO  ExtentListeners:37 - === Starting test: testcases.FullUserJourneyTest.completeLoginAndTabSelection ===
 2025-08-05 18:21:36 INFO  ExtentListeners:37 - === Starting test: testcases.FullUserJourneyTest.completeLoginAndTabSelection ===
 2025-08-05 18:21:36 INFO  FullUserJourneyTest:322 - Starting complete login and tab selection test
 2025-08-05 18:21:36 INFO  FullUserJourneyTest:336 - Selecting domain: Acquisition
 2025-08-05 18:21:43 INFO  FullUserJourneyTest:341 - Selecting project: 59650 
 2025-08-05 18:21:47 INFO  FullUserJourneyTest:346 - Navigating to project details
 2025-08-05 18:21:47 INFO  FullUserJourneyTest:351 - Verifying tabs functionality
 2025-08-05 18:21:49 INFO  WaitHelper:53 - Waiting for network idle state
 2025-08-05 18:21:54 INFO  WaitHelper:56 - Page reached network idle state
 2025-08-05 18:21:54 INFO  WaitHelper:53 - Waiting for network idle state
 2025-08-05 18:21:54 INFO  WaitHelper:56 - Page reached network idle state
 2025-08-05 18:22:04 INFO  WaitHelper:53 - Waiting for network idle state
 2025-08-05 18:22:06 INFO  WaitHelper:56 - Page reached network idle state
 2025-08-05 18:22:06 INFO  WaitHelper:53 - Waiting for network idle state
 2025-08-05 18:22:06 INFO  WaitHelper:56 - Page reached network idle state
 2025-08-05 18:22:11 INFO  WaitHelper:53 - Waiting for network idle state
 2025-08-05 18:22:14 INFO  WaitHelper:56 - Page reached network idle state
 2025-08-05 18:22:14 INFO  WaitHelper:53 - Waiting for network idle state
 2025-08-05 18:22:14 INFO  WaitHelper:56 - Page reached network idle state
 2025-08-05 18:22:16 INFO  WaitHelper:53 - Waiting for network idle state
 2025-08-05 18:22:19 INFO  WaitHelper:56 - Page reached network idle state
 2025-08-05 18:22:19 INFO  WaitHelper:53 - Waiting for network idle state
 2025-08-05 18:22:19 INFO  WaitHelper:56 - Page reached network idle state
 2025-08-05 18:22:37 INFO  WaitHelper:53 - Waiting for network idle state
 2025-08-05 18:22:44 INFO  WaitHelper:56 - Page reached network idle state
 2025-08-05 18:22:44 INFO  WaitHelper:53 - Waiting for network idle state
 2025-08-05 18:22:44 INFO  WaitHelper:56 - Page reached network idle state
 2025-08-05 18:22:50 INFO  WaitHelper:53 - Waiting for network idle state
 2025-08-05 18:22:54 INFO  WaitHelper:56 - Page reached network idle state
 2025-08-05 18:22:54 INFO  FullUserJourneyTest:56 - All soft assertions passed. Total passes: 0
 2025-08-05 18:22:54 INFO  FullUserJourneyTest:392 - Complete login and tab selection test completed
 2025-08-05 18:22:54 INFO  ExtentListeners:46 - === TEST PASSED: completeLoginAndTabSelection ===
 ]]></system-out>
  </testcase>
  <testcase name="clickTopMenuItems" classname="testcases.FullUserJourneyTest" time="112.323">
    <system-out><![CDATA[2025-08-05 18:22:54 INFO  ExtentListeners:46 - === TEST PASSED: completeLoginAndTabSelection ===
 2025-08-05 18:22:54 INFO  BaseTest:114 - Setting up test: FullUserJourneyTest.clickTopMenuItems
 2025-08-05 18:22:54 INFO  BaseTest:123 - ExtentTest initialized for test: FullUserJourneyTest.clickTopMenuItems
 2025-08-05 18:22:54 INFO  ExtentListeners:37 - === Starting test: testcases.FullUserJourneyTest.clickTopMenuItems ===
 2025-08-05 18:22:54 INFO  ExtentListeners:37 - === Starting test: testcases.FullUserJourneyTest.clickTopMenuItems ===
 2025-08-05 18:22:54 INFO  FullUserJourneyTest:400 - Starting top menu items navigation test
 2025-08-05 18:22:54 INFO  FullUserJourneyTest:410 - Clicking 'Search' menu item
 2025-08-05 18:23:08 INFO  FullUserJourneyTest:419 - Clicking 'My Work Queue' menu item
 2025-08-05 18:23:34 INFO  FullUserJourneyTest:428 - Clicking 'My Profile' menu item
 2025-08-05 18:23:53 INFO  FullUserJourneyTest:437 - Clicking 'PM Inquiry' menu item
 2025-08-05 18:23:54 INFO  FullUserJourneyTest:442 - Clicked 'PM Inquiry' menu item and new window opened
 2025-08-05 18:24:07 INFO  FullUserJourneyTest:448 - Clicked 'Notifications' menu item
 2025-08-05 18:24:13 INFO  FullUserJourneyTest:455 - Clicked 'Doc Mgmt' menu item and new window opened
 2025-08-05 18:24:21 INFO  FullUserJourneyTest:464 - Clicked 'GIS' menu item and new window opened
 2025-08-05 18:24:44 INFO  FullUserJourneyTest:471 - Clicked 'Dashboard' menu item
 2025-08-05 18:24:46 INFO  FullUserJourneyTest:473 - Successfully clicked all top menu items.
 2025-08-05 18:24:46 INFO  ExtentListeners:46 - === TEST PASSED: clickTopMenuItems ===
 ]]></system-out>
  </testcase>
  <testcase name="expandAndCollapseAllPanelsInAllTabs" classname="testcases.FullUserJourneyTest" time="163.82">
    <system-out><![CDATA[2025-08-05 18:24:46 INFO  ExtentListeners:46 - === TEST PASSED: clickTopMenuItems ===
 2025-08-05 18:24:46 INFO  BaseTest:114 - Setting up test: FullUserJourneyTest.expandAndCollapseAllPanelsInAllTabs
 2025-08-05 18:24:46 INFO  BaseTest:123 - ExtentTest initialized for test: FullUserJourneyTest.expandAndCollapseAllPanelsInAllTabs
 2025-08-05 18:24:46 INFO  ExtentListeners:37 - === Starting test: testcases.FullUserJourneyTest.expandAndCollapseAllPanelsInAllTabs ===
 2025-08-05 18:24:46 INFO  ExtentListeners:37 - === Starting test: testcases.FullUserJourneyTest.expandAndCollapseAllPanelsInAllTabs ===
 2025-08-05 18:24:46 INFO  FullUserJourneyTest:574 - Starting expand and collapse all panels in all tabs test
 2025-08-05 18:24:46 INFO  FullUserJourneyTest:589 - Selecting domain: Acquisition
 2025-08-05 18:24:50 INFO  FullUserJourneyTest:594 - Selecting project: 59650 
 2025-08-05 18:24:56 INFO  FullUserJourneyTest:599 - Navigating to project details
 2025-08-05 18:24:56 INFO  FullUserJourneyTest:604 - Expanding and collapsing all panels in all tabs
 2025-08-05 18:24:59 INFO  ExpandAllPanelsInAllTabsPage:94 - Clicked tab: Project Information
 2025-08-05 18:25:02 INFO  ExpandAllPanelsInAllTabsPage:99 - Expand button count in tab Project Information: 1
 2025-08-05 18:25:02 INFO  ExpandAllPanelsInAllTabsPage:105 - Expanded panel 1 in tab: Project Information
 2025-08-05 18:25:09 INFO  ExpandAllPanelsInAllTabsPage:120 - Collapsed panel 1 in tab: Project Information
 2025-08-05 18:25:12 INFO  ExpandAllPanelsInAllTabsPage:94 - Clicked tab: Assignments
 2025-08-05 18:25:15 INFO  ExpandAllPanelsInAllTabsPage:99 - Expand button count in tab Assignments: 1
 2025-08-05 18:25:15 INFO  ExpandAllPanelsInAllTabsPage:105 - Expanded panel 1 in tab: Assignments
 2025-08-05 18:25:22 INFO  ExpandAllPanelsInAllTabsPage:120 - Collapsed panel 1 in tab: Assignments
 2025-08-05 18:25:27 INFO  ExpandAllPanelsInAllTabsPage:94 - Clicked tab: Liaison Files
 2025-08-05 18:25:31 INFO  ExpandAllPanelsInAllTabsPage:99 - Expand button count in tab Liaison Files: 1
 2025-08-05 18:25:31 INFO  ExpandAllPanelsInAllTabsPage:105 - Expanded panel 1 in tab: Liaison Files
 2025-08-05 18:25:38 INFO  ExpandAllPanelsInAllTabsPage:120 - Collapsed panel 1 in tab: Liaison Files
 2025-08-05 18:25:41 INFO  ExpandAllPanelsInAllTabsPage:94 - Clicked tab: Estimates
 2025-08-05 18:25:44 INFO  ExpandAllPanelsInAllTabsPage:99 - Expand button count in tab Estimates: 1
 2025-08-05 18:25:44 INFO  ExpandAllPanelsInAllTabsPage:105 - Expanded panel 1 in tab: Estimates
 2025-08-05 18:25:51 INFO  ExpandAllPanelsInAllTabsPage:120 - Collapsed panel 1 in tab: Estimates
 2025-08-05 18:25:54 INFO  ExpandAllPanelsInAllTabsPage:94 - Clicked tab: Contracting
 2025-08-05 18:25:57 INFO  ExpandAllPanelsInAllTabsPage:99 - Expand button count in tab Contracting: 1
 2025-08-05 18:25:57 INFO  ExpandAllPanelsInAllTabsPage:105 - Expanded panel 1 in tab: Contracting
 2025-08-05 18:26:04 INFO  ExpandAllPanelsInAllTabsPage:120 - Collapsed panel 1 in tab: Contracting
 2025-08-05 18:26:09 INFO  ExpandAllPanelsInAllTabsPage:94 - Clicked tab: Authorization Management
 2025-08-05 18:26:12 INFO  ExpandAllPanelsInAllTabsPage:99 - Expand button count in tab Authorization Management: 1
 2025-08-05 18:26:12 INFO  ExpandAllPanelsInAllTabsPage:105 - Expanded panel 1 in tab: Authorization Management
 2025-08-05 18:26:19 INFO  ExpandAllPanelsInAllTabsPage:120 - Collapsed panel 1 in tab: Authorization Management
 2025-08-05 18:26:22 INFO  ExpandAllPanelsInAllTabsPage:94 - Clicked tab: Issue Management
 2025-08-05 18:26:25 INFO  ExpandAllPanelsInAllTabsPage:99 - Expand button count in tab Issue Management: 1
 2025-08-05 18:26:25 INFO  ExpandAllPanelsInAllTabsPage:105 - Expanded panel 1 in tab: Issue Management
 2025-08-05 18:26:32 INFO  ExpandAllPanelsInAllTabsPage:120 - Collapsed panel 1 in tab: Issue Management
 2025-08-05 18:26:35 INFO  ExpandAllPanelsInAllTabsPage:94 - Clicked tab: Financials
 2025-08-05 18:26:38 INFO  ExpandAllPanelsInAllTabsPage:99 - Expand button count in tab Financials: 1
 2025-08-05 18:26:39 INFO  ExpandAllPanelsInAllTabsPage:105 - Expanded panel 1 in tab: Financials
 2025-08-05 18:26:46 INFO  ExpandAllPanelsInAllTabsPage:120 - Collapsed panel 1 in tab: Financials
 2025-08-05 18:26:49 INFO  ExpandAllPanelsInAllTabsPage:94 - Clicked tab: Checklist
 2025-08-05 18:26:52 INFO  ExpandAllPanelsInAllTabsPage:99 - Expand button count in tab Checklist: 1
 2025-08-05 18:26:52 INFO  ExpandAllPanelsInAllTabsPage:105 - Expanded panel 1 in tab: Checklist
 2025-08-05 18:26:59 INFO  ExpandAllPanelsInAllTabsPage:120 - Collapsed panel 1 in tab: Checklist
 2025-08-05 18:27:02 INFO  ExpandAllPanelsInAllTabsPage:94 - Clicked tab: Utility Coordination
 2025-08-05 18:27:05 INFO  ExpandAllPanelsInAllTabsPage:99 - Expand button count in tab Utility Coordination: 1
 2025-08-05 18:27:05 INFO  ExpandAllPanelsInAllTabsPage:105 - Expanded panel 1 in tab: Utility Coordination
 2025-08-05 18:27:13 INFO  ExpandAllPanelsInAllTabsPage:120 - Collapsed panel 1 in tab: Utility Coordination
 2025-08-05 18:27:17 INFO  ExpandAllPanelsInAllTabsPage:94 - Clicked tab: Railroad Coordination
 2025-08-05 18:27:20 INFO  ExpandAllPanelsInAllTabsPage:99 - Expand button count in tab Railroad Coordination: 1
 2025-08-05 18:27:20 INFO  ExpandAllPanelsInAllTabsPage:105 - Expanded panel 1 in tab: Railroad Coordination
 2025-08-05 18:27:27 INFO  ExpandAllPanelsInAllTabsPage:120 - Collapsed panel 1 in tab: Railroad Coordination
 2025-08-05 18:27:30 INFO  ExpandAllPanelsInAllTabsPage:130 - Successfully expanded and collapsed all panels in all tabs.
 2025-08-05 18:27:30 INFO  FullUserJourneyTest:56 - All soft assertions passed. Total passes: 0
 2025-08-05 18:27:30 INFO  FullUserJourneyTest:629 - Expand and collapse all panels in all tabs test completed
 2025-08-05 18:27:30 INFO  ExtentListeners:46 - === TEST PASSED: expandAndCollapseAllPanelsInAllTabs ===
 ]]></system-out>
  </testcase>
  <testcase name="switchToDomain2AndSelectFirstFile" classname="testcases.FullUserJourneyTest" time="48.076">
    <system-out><![CDATA[2025-08-05 18:27:30 INFO  ExtentListeners:46 - === TEST PASSED: expandAndCollapseAllPanelsInAllTabs ===
 2025-08-05 18:27:30 INFO  BaseTest:114 - Setting up test: FullUserJourneyTest.switchToDomain2AndSelectFirstFile
 2025-08-05 18:27:30 INFO  BaseTest:123 - ExtentTest initialized for test: FullUserJourneyTest.switchToDomain2AndSelectFirstFile
 2025-08-05 18:27:30 INFO  ExtentListeners:37 - === Starting test: testcases.FullUserJourneyTest.switchToDomain2AndSelectFirstFile ===
 2025-08-05 18:27:30 INFO  ExtentListeners:37 - === Starting test: testcases.FullUserJourneyTest.switchToDomain2AndSelectFirstFile ===
 2025-08-05 18:27:30 INFO  FullUserJourneyTest:636 - Starting switch to domain 2 and select first file test
 2025-08-05 18:27:30 INFO  FullUserJourneyTest:651 - Switching to domain: Property Management
 2025-08-05 18:27:33 INFO  FullUserJourneyTest:656 - Selecting project: 76019/US 175 Widening - Surplus
 2025-08-05 18:27:36 INFO  FullUserJourneyTest:660 - Clicking first file in table
 2025-08-05 18:27:36 INFO  FileSelectionPage:81 - Clicked the first file in the file table.
 2025-08-05 18:27:41 INFO  FileSelectionPage:111 - Clicked tab: File Information
 2025-08-05 18:27:41 INFO  FullUserJourneyTest:681 - Tab File Information clicked
 2025-08-05 18:27:43 INFO  FileSelectionPage:111 - Clicked tab: Assignments
 2025-08-05 18:27:43 INFO  FullUserJourneyTest:681 - Tab Assignments clicked
 2025-08-05 18:27:44 INFO  FileSelectionPage:111 - Clicked tab: Lease/Rental/Permit
 2025-08-05 18:27:44 INFO  FullUserJourneyTest:681 - Tab Lease/Rental/Permit clicked
 2025-08-05 18:27:50 INFO  FileSelectionPage:111 - Clicked tab: Legal Description
 2025-08-05 18:27:50 INFO  FullUserJourneyTest:681 - Tab Legal Description clicked
 2025-08-05 18:27:56 INFO  FileSelectionPage:111 - Clicked tab: Appraisal
 2025-08-05 18:27:56 INFO  FullUserJourneyTest:681 - Tab Appraisal clicked
 2025-08-05 18:28:00 INFO  FileSelectionPage:111 - Clicked tab: Surplus
 2025-08-05 18:28:00 INFO  FullUserJourneyTest:681 - Tab Surplus clicked
 2025-08-05 18:28:02 INFO  FileSelectionPage:111 - Clicked tab: Marketing
 2025-08-05 18:28:02 INFO  FullUserJourneyTest:681 - Tab Marketing clicked
 2025-08-05 18:28:04 INFO  FileSelectionPage:111 - Clicked tab: Sale/Closing
 2025-08-05 18:28:04 INFO  FullUserJourneyTest:681 - Tab Sale/Closing clicked
 2025-08-05 18:28:08 INFO  FileSelectionPage:111 - Clicked tab: Property Diary
 2025-08-05 18:28:08 INFO  FullUserJourneyTest:681 - Tab Property Diary clicked
 2025-08-05 18:28:09 INFO  FileSelectionPage:111 - Clicked tab: Financials
 2025-08-05 18:28:09 INFO  FullUserJourneyTest:681 - Tab Financials clicked
 2025-08-05 18:28:10 INFO  FileSelectionPage:111 - Clicked tab: Checklist
 2025-08-05 18:28:10 INFO  FullUserJourneyTest:681 - Tab Checklist clicked
 2025-08-05 18:28:12 INFO  FileSelectionPage:123 - Clicked 'Go to Project Details' button
 2025-08-05 18:28:17 INFO  FileSelectionPage:133 - Project details page loaded and tabs are visible
 2025-08-05 18:28:17 INFO  FullUserJourneyTest:687 - Navigated to project details
 2025-08-05 18:28:17 INFO  FileSelectionPage:111 - Clicked tab: Project Information
 2025-08-05 18:28:18 INFO  FileSelectionPage:111 - Clicked tab: Checklist
 2025-08-05 18:28:18 INFO  FullUserJourneyTest:697 - Project Information and Checklist tabs clicked
 2025-08-05 18:28:18 INFO  FullUserJourneyTest:700 - Successfully switched to domain2/project2, clicked the first file, navigated all file tabs, went to project details, and navigated required project tabs.
 2025-08-05 18:28:18 INFO  FullUserJourneyTest:718 - Switch to domain 2 and select first file test completed
 2025-08-05 18:28:18 INFO  ExtentListeners:46 - === TEST PASSED: switchToDomain2AndSelectFirstFile ===
 ]]></system-out>
  </testcase>
  <testcase name="expandAndCollapsePanelsInAllTabsAfterFileSelection" classname="testcases.FullUserJourneyTest" time="16.844">
    <failure message="Expand and collapse panels test failed: Error {&#10;  message=&apos;Timeout 15000ms exceeded.&#10;=========================== logs ===========================&#10;waiting for selector &quot;//span[@class=&apos;rtbText&apos; and text()=&apos;Property Management&apos;]&quot; to be visible&#10;  selector resolved to hidden &lt;span class=&quot;rtbText&quot;&gt;Property Management&lt;/span&gt;&#10;============================================================&#10;  name=&apos;TimeoutError&#10;  stack=&apos;TimeoutError: Timeout 15000ms exceeded.&#10;=========================== logs ===========================&#10;waiting for selector &quot;//span[@class=&apos;rtbText&apos; and text()=&apos;Property Management&apos;]&quot; to be visible&#10;  selector resolved to hidden &lt;span class=&quot;rtbText&quot;&gt;Property Management&lt;/span&gt;&#10;============================================================&#10;    at ProgressController.run (C:\Users\Dell\AppData\Local\Temp\playwright-java-10247613160407580068\package\lib\server\progress.js:96:26)&#10;    at Frame.waitForSelector (C:\Users\Dell\AppData\Local\Temp\playwright-java-10247613160407580068\package\lib\server\frames.js:843:23)&#10;    at FrameDispatcher.waitForSelector (C:\Users\Dell\AppData\Local\Temp\playwright-java-10247613160407580068\package\lib\server\dispatchers\frameDispatcher.js:111:110)&#10;    at DispatcherConnection.dispatch (C:\Users\Dell\AppData\Local\Temp\playwright-java-10247613160407580068\package\lib\server\dispatchers\dispatcher.js:397:46)&#10;}" type="java.lang.RuntimeException"><![CDATA[java.lang.RuntimeException: 
Expand and collapse panels test failed: Error {
  message='Timeout 15000ms exceeded.
=========================== logs ===========================
waiting for selector "//span[@class='rtbText' and text()='Property Management']" to be visible
  selector resolved to hidden <span class="rtbText">Property Management</span>
============================================================
  name='TimeoutError
  stack='TimeoutError: Timeout 15000ms exceeded.
=========================== logs ===========================
waiting for selector "//span[@class='rtbText' and text()='Property Management']" to be visible
  selector resolved to hidden <span class="rtbText">Property Management</span>
============================================================
    at ProgressController.run (C:\Users\Dell\AppData\Local\Temp\playwright-java-10247613160407580068\package\lib\server\progress.js:96:26)
    at Frame.waitForSelector (C:\Users\Dell\AppData\Local\Temp\playwright-java-10247613160407580068\package\lib\server\frames.js:843:23)
    at FrameDispatcher.waitForSelector (C:\Users\Dell\AppData\Local\Temp\playwright-java-10247613160407580068\package\lib\server\dispatchers\frameDispatcher.js:111:110)
    at DispatcherConnection.dispatch (C:\Users\Dell\AppData\Local\Temp\playwright-java-10247613160407580068\package\lib\server\dispatchers\dispatcher.js:397:46)
}
	at testcases.FullUserJourneyTest.expandAndCollapsePanelsInAllTabsAfterFileSelection(FullUserJourneyTest.java:775)
	at java.base/jdk.internal.reflect.NativeMethodAccessorImpl.invoke0(Native Method)
	at java.base/jdk.internal.reflect.NativeMethodAccessorImpl.invoke(NativeMethodAccessorImpl.java:77)
	at java.base/jdk.internal.reflect.DelegatingMethodAccessorImpl.invoke(DelegatingMethodAccessorImpl.java:43)
	at java.base/java.lang.reflect.Method.invoke(Method.java:568)
	at org.testng.internal.MethodInvocationHelper.invokeMethod(MethodInvocationHelper.java:124)
	at org.testng.internal.Invoker.invokeMethod(Invoker.java:583)
	at org.testng.internal.Invoker.invokeTestMethod(Invoker.java:719)
	at org.testng.internal.Invoker.invokeTestMethods(Invoker.java:989)
	at org.testng.internal.TestMethodWorker.invokeTestMethods(TestMethodWorker.java:125)
	at org.testng.internal.TestMethodWorker.run(TestMethodWorker.java:109)
	at org.testng.TestRunner.privateRun(TestRunner.java:648)
	at org.testng.TestRunner.run(TestRunner.java:505)
	at org.testng.SuiteRunner.runTest(SuiteRunner.java:455)
	at org.testng.SuiteRunner.runSequentially(SuiteRunner.java:450)
	at org.testng.SuiteRunner.privateRun(SuiteRunner.java:415)
	at org.testng.SuiteRunner.run(SuiteRunner.java:364)
	at org.testng.SuiteRunnerWorker.runSuite(SuiteRunnerWorker.java:52)
	at org.testng.SuiteRunnerWorker.run(SuiteRunnerWorker.java:84)
	at org.testng.TestNG.runSuitesSequentially(TestNG.java:1208)
	at org.testng.TestNG.runSuitesLocally(TestNG.java:1137)
	at org.testng.TestNG.runSuites(TestNG.java:1049)
	at org.testng.TestNG.run(TestNG.java:1017)
	at org.apache.maven.surefire.testng.TestNGExecutor.run(TestNGExecutor.java:308)
	at org.apache.maven.surefire.testng.TestNGXmlTestSuite.execute(TestNGXmlTestSuite.java:71)
	at org.apache.maven.surefire.testng.TestNGProvider.invoke(TestNGProvider.java:113)
	at org.apache.maven.surefire.booter.ForkedBooter.runSuitesInProcess(ForkedBooter.java:385)
	at org.apache.maven.surefire.booter.ForkedBooter.execute(ForkedBooter.java:162)
	at org.apache.maven.surefire.booter.ForkedBooter.run(ForkedBooter.java:507)
	at org.apache.maven.surefire.booter.ForkedBooter.main(ForkedBooter.java:495)
Caused by: com.microsoft.playwright.TimeoutError: Error {
  message='Timeout 15000ms exceeded.
=========================== logs ===========================
waiting for selector "//span[@class='rtbText' and text()='Property Management']" to be visible
  selector resolved to hidden <span class="rtbText">Property Management</span>
============================================================
  name='TimeoutError
  stack='TimeoutError: Timeout 15000ms exceeded.
=========================== logs ===========================
waiting for selector "//span[@class='rtbText' and text()='Property Management']" to be visible
  selector resolved to hidden <span class="rtbText">Property Management</span>
============================================================
    at ProgressController.run (C:\Users\Dell\AppData\Local\Temp\playwright-java-10247613160407580068\package\lib\server\progress.js:96:26)
    at Frame.waitForSelector (C:\Users\Dell\AppData\Local\Temp\playwright-java-10247613160407580068\package\lib\server\frames.js:843:23)
    at FrameDispatcher.waitForSelector (C:\Users\Dell\AppData\Local\Temp\playwright-java-10247613160407580068\package\lib\server\dispatchers\frameDispatcher.js:111:110)
    at DispatcherConnection.dispatch (C:\Users\Dell\AppData\Local\Temp\playwright-java-10247613160407580068\package\lib\server\dispatchers\dispatcher.js:397:46)
}
	at com.microsoft.playwright.impl.WaitableResult.get(WaitableResult.java:52)
	at com.microsoft.playwright.impl.ChannelOwner.runUntil(ChannelOwner.java:109)
	at com.microsoft.playwright.impl.Connection.sendMessage(Connection.java:108)
	at com.microsoft.playwright.impl.ChannelOwner.sendMessage(ChannelOwner.java:100)
	at com.microsoft.playwright.impl.FrameImpl.waitForSelectorImpl(FrameImpl.java:982)
	at com.microsoft.playwright.impl.LocatorImpl.lambda$waitForImpl$6(LocatorImpl.java:500)
	at com.microsoft.playwright.impl.LoggingSupport.withLogging(LoggingSupport.java:47)
	at com.microsoft.playwright.impl.ChannelOwner.withLogging(ChannelOwner.java:85)
	at com.microsoft.playwright.impl.LocatorImpl.waitForImpl(LocatorImpl.java:500)
	at com.microsoft.playwright.impl.LocatorImpl.waitFor(LocatorImpl.java:496)
	at pages.PanelExpandCollapsePage.selectDomain(PanelExpandCollapsePage.java:57)
	at testcases.FullUserJourneyTest.expandAndCollapsePanelsInAllTabsAfterFileSelection(FullUserJourneyTest.java:741)
	... 29 more
Caused by: com.microsoft.playwright.TimeoutError: Error {
  message='Timeout 15000ms exceeded.
=========================== logs ===========================
waiting for selector "//span[@class='rtbText' and text()='Property Management']" to be visible
  selector resolved to hidden <span class="rtbText">Property Management</span>
============================================================
  name='TimeoutError
  stack='TimeoutError: Timeout 15000ms exceeded.
=========================== logs ===========================
waiting for selector "//span[@class='rtbText' and text()='Property Management']" to be visible
  selector resolved to hidden <span class="rtbText">Property Management</span>
============================================================
    at ProgressController.run (C:\Users\Dell\AppData\Local\Temp\playwright-java-10247613160407580068\package\lib\server\progress.js:96:26)
    at Frame.waitForSelector (C:\Users\Dell\AppData\Local\Temp\playwright-java-10247613160407580068\package\lib\server\frames.js:843:23)
    at FrameDispatcher.waitForSelector (C:\Users\Dell\AppData\Local\Temp\playwright-java-10247613160407580068\package\lib\server\dispatchers\frameDispatcher.js:111:110)
    at DispatcherConnection.dispatch (C:\Users\Dell\AppData\Local\Temp\playwright-java-10247613160407580068\package\lib\server\dispatchers\dispatcher.js:397:46)
}
	at com.microsoft.playwright.impl.Connection.dispatch(Connection.java:188)
	at com.microsoft.playwright.impl.Connection.processOneMessage(Connection.java:170)
	at com.microsoft.playwright.impl.ChannelOwner.runUntil(ChannelOwner.java:107)
	... 39 more
]]></failure>
    <system-out><![CDATA[2025-08-05 18:28:18 INFO  ExtentListeners:46 - === TEST PASSED: switchToDomain2AndSelectFirstFile ===
 2025-08-05 18:28:18 INFO  BaseTest:114 - Setting up test: FullUserJourneyTest.expandAndCollapsePanelsInAllTabsAfterFileSelection
 2025-08-05 18:28:18 INFO  BaseTest:123 - ExtentTest initialized for test: FullUserJourneyTest.expandAndCollapsePanelsInAllTabsAfterFileSelection
 2025-08-05 18:28:18 INFO  ExtentListeners:37 - === Starting test: testcases.FullUserJourneyTest.expandAndCollapsePanelsInAllTabsAfterFileSelection ===
 2025-08-05 18:28:18 INFO  ExtentListeners:37 - === Starting test: testcases.FullUserJourneyTest.expandAndCollapsePanelsInAllTabsAfterFileSelection ===
 2025-08-05 18:28:18 INFO  FullUserJourneyTest:725 - Starting expand and collapse panels in all tabs after file selection test
 2025-08-05 18:28:18 INFO  FullUserJourneyTest:740 - Switching to domain: Property Management
 2025-08-05 18:28:35 ERROR FullUserJourneyTest:762 - Expand and collapse panels test failed: Error {
  message='Timeout 15000ms exceeded.
=========================== logs ===========================
waiting for selector "//span[@class='rtbText' and text()='Property Management']" to be visible
  selector resolved to hidden <span class="rtbText">Property Management</span>
============================================================
  name='TimeoutError
  stack='TimeoutError: Timeout 15000ms exceeded.
=========================== logs ===========================
waiting for selector "//span[@class='rtbText' and text()='Property Management']" to be visible
  selector resolved to hidden <span class="rtbText">Property Management</span>
============================================================
    at ProgressController.run (C:\Users\Dell\AppData\Local\Temp\playwright-java-10247613160407580068\package\lib\server\progress.js:96:26)
    at Frame.waitForSelector (C:\Users\Dell\AppData\Local\Temp\playwright-java-10247613160407580068\package\lib\server\frames.js:843:23)
    at FrameDispatcher.waitForSelector (C:\Users\Dell\AppData\Local\Temp\playwright-java-10247613160407580068\package\lib\server\dispatchers\frameDispatcher.js:111:110)
    at DispatcherConnection.dispatch (C:\Users\Dell\AppData\Local\Temp\playwright-java-10247613160407580068\package\lib\server\dispatchers\dispatcher.js:397:46)
}
 com.microsoft.playwright.TimeoutError: Error {
  message='Timeout 15000ms exceeded.
=========================== logs ===========================
waiting for selector "//span[@class='rtbText' and text()='Property Management']" to be visible
  selector resolved to hidden <span class="rtbText">Property Management</span>
============================================================
  name='TimeoutError
  stack='TimeoutError: Timeout 15000ms exceeded.
=========================== logs ===========================
waiting for selector "//span[@class='rtbText' and text()='Property Management']" to be visible
  selector resolved to hidden <span class="rtbText">Property Management</span>
============================================================
    at ProgressController.run (C:\Users\Dell\AppData\Local\Temp\playwright-java-10247613160407580068\package\lib\server\progress.js:96:26)
    at Frame.waitForSelector (C:\Users\Dell\AppData\Local\Temp\playwright-java-10247613160407580068\package\lib\server\frames.js:843:23)
    at FrameDispatcher.waitForSelector (C:\Users\Dell\AppData\Local\Temp\playwright-java-10247613160407580068\package\lib\server\dispatchers\frameDispatcher.js:111:110)
    at DispatcherConnection.dispatch (C:\Users\Dell\AppData\Local\Temp\playwright-java-10247613160407580068\package\lib\server\dispatchers\dispatcher.js:397:46)
}
	at com.microsoft.playwright.impl.WaitableResult.get(WaitableResult.java:52)
	at com.microsoft.playwright.impl.ChannelOwner.runUntil(ChannelOwner.java:109)
	at com.microsoft.playwright.impl.Connection.sendMessage(Connection.java:108)
	at com.microsoft.playwright.impl.ChannelOwner.sendMessage(ChannelOwner.java:100)
	at com.microsoft.playwright.impl.FrameImpl.waitForSelectorImpl(FrameImpl.java:982)
	at com.microsoft.playwright.impl.LocatorImpl.lambda$waitForImpl$6(LocatorImpl.java:500)
	at com.microsoft.playwright.impl.LoggingSupport.withLogging(LoggingSupport.java:47)
	at com.microsoft.playwright.impl.ChannelOwner.withLogging(ChannelOwner.java:85)
	at com.microsoft.playwright.impl.LocatorImpl.waitForImpl(LocatorImpl.java:500)
	at com.microsoft.playwright.impl.LocatorImpl.waitFor(LocatorImpl.java:496)
	at pages.PanelExpandCollapsePage.selectDomain(PanelExpandCollapsePage.java:57)
	at testcases.FullUserJourneyTest.expandAndCollapsePanelsInAllTabsAfterFileSelection(FullUserJourneyTest.java:741)
	at java.base/jdk.internal.reflect.NativeMethodAccessorImpl.invoke0(Native Method)
	at java.base/jdk.internal.reflect.NativeMethodAccessorImpl.invoke(NativeMethodAccessorImpl.java:77)
	at java.base/jdk.internal.reflect.DelegatingMethodAccessorImpl.invoke(DelegatingMethodAccessorImpl.java:43)
	at java.base/java.lang.reflect.Method.invoke(Method.java:568)
	at org.testng.internal.MethodInvocationHelper.invokeMethod(MethodInvocationHelper.java:124)
	at org.testng.internal.Invoker.invokeMethod(Invoker.java:583)
	at org.testng.internal.Invoker.invokeTestMethod(Invoker.java:719)
	at org.testng.internal.Invoker.invokeTestMethods(Invoker.java:989)
	at org.testng.internal.TestMethodWorker.invokeTestMethods(TestMethodWorker.java:125)
	at org.testng.internal.TestMethodWorker.run(TestMethodWorker.java:109)
	at org.testng.TestRunner.privateRun(TestRunner.java:648)
	at org.testng.TestRunner.run(TestRunner.java:505)
	at org.testng.SuiteRunner.runTest(SuiteRunner.java:455)
	at org.testng.SuiteRunner.runSequentially(SuiteRunner.java:450)
	at org.testng.SuiteRunner.privateRun(SuiteRunner.java:415)
	at org.testng.SuiteRunner.run(SuiteRunner.java:364)
	at org.testng.SuiteRunnerWorker.runSuite(SuiteRunnerWorker.java:52)
	at org.testng.SuiteRunnerWorker.run(SuiteRunnerWorker.java:84)
	at org.testng.TestNG.runSuitesSequentially(TestNG.java:1208)
	at org.testng.TestNG.runSuitesLocally(TestNG.java:1137)
	at org.testng.TestNG.runSuites(TestNG.java:1049)
	at org.testng.TestNG.run(TestNG.java:1017)
	at org.apache.maven.surefire.testng.TestNGExecutor.run(TestNGExecutor.java:308)
	at org.apache.maven.surefire.testng.TestNGXmlTestSuite.execute(TestNGXmlTestSuite.java:71)
	at org.apache.maven.surefire.testng.TestNGProvider.invoke(TestNGProvider.java:113)
	at org.apache.maven.surefire.booter.ForkedBooter.runSuitesInProcess(ForkedBooter.java:385)
	at org.apache.maven.surefire.booter.ForkedBooter.execute(ForkedBooter.java:162)
	at org.apache.maven.surefire.booter.ForkedBooter.run(ForkedBooter.java:507)
	at org.apache.maven.surefire.booter.ForkedBooter.main(ForkedBooter.java:495)
Caused by: com.microsoft.playwright.TimeoutError: Error {
  message='Timeout 15000ms exceeded.
=========================== logs ===========================
waiting for selector "//span[@class='rtbText' and text()='Property Management']" to be visible
  selector resolved to hidden <span class="rtbText">Property Management</span>
============================================================
  name='TimeoutError
  stack='TimeoutError: Timeout 15000ms exceeded.
=========================== logs ===========================
waiting for selector "//span[@class='rtbText' and text()='Property Management']" to be visible
  selector resolved to hidden <span class="rtbText">Property Management</span>
============================================================
    at ProgressController.run (C:\Users\Dell\AppData\Local\Temp\playwright-java-10247613160407580068\package\lib\server\progress.js:96:26)
    at Frame.waitForSelector (C:\Users\Dell\AppData\Local\Temp\playwright-java-10247613160407580068\package\lib\server\frames.js:843:23)
    at FrameDispatcher.waitForSelector (C:\Users\Dell\AppData\Local\Temp\playwright-java-10247613160407580068\package\lib\server\dispatchers\frameDispatcher.js:111:110)
    at DispatcherConnection.dispatch (C:\Users\Dell\AppData\Local\Temp\playwright-java-10247613160407580068\package\lib\server\dispatchers\dispatcher.js:397:46)
}
	at com.microsoft.playwright.impl.Connection.dispatch(Connection.java:188)
	at com.microsoft.playwright.impl.Connection.processOneMessage(Connection.java:170)
	at com.microsoft.playwright.impl.ChannelOwner.runUntil(ChannelOwner.java:107)
	... 39 more
2025-08-05 18:28:35 INFO  FullUserJourneyTest:777 - Expand and collapse panels test completed
 2025-08-05 18:28:35 ERROR ExtentListeners:57 - === TEST FAILED: expandAndCollapsePanelsInAllTabsAfterFileSelection ===
 java.lang.RuntimeException: Expand and collapse panels test failed: Error {
  message='Timeout 15000ms exceeded.
=========================== logs ===========================
waiting for selector "//span[@class='rtbText' and text()='Property Management']" to be visible
  selector resolved to hidden <span class="rtbText">Property Management</span>
============================================================
  name='TimeoutError
  stack='TimeoutError: Timeout 15000ms exceeded.
=========================== logs ===========================
waiting for selector "//span[@class='rtbText' and text()='Property Management']" to be visible
  selector resolved to hidden <span class="rtbText">Property Management</span>
============================================================
    at ProgressController.run (C:\Users\Dell\AppData\Local\Temp\playwright-java-10247613160407580068\package\lib\server\progress.js:96:26)
    at Frame.waitForSelector (C:\Users\Dell\AppData\Local\Temp\playwright-java-10247613160407580068\package\lib\server\frames.js:843:23)
    at FrameDispatcher.waitForSelector (C:\Users\Dell\AppData\Local\Temp\playwright-java-10247613160407580068\package\lib\server\dispatchers\frameDispatcher.js:111:110)
    at DispatcherConnection.dispatch (C:\Users\Dell\AppData\Local\Temp\playwright-java-10247613160407580068\package\lib\server\dispatchers\dispatcher.js:397:46)
}
	at testcases.FullUserJourneyTest.expandAndCollapsePanelsInAllTabsAfterFileSelection(FullUserJourneyTest.java:775)
	at java.base/jdk.internal.reflect.NativeMethodAccessorImpl.invoke0(Native Method)
	at java.base/jdk.internal.reflect.NativeMethodAccessorImpl.invoke(NativeMethodAccessorImpl.java:77)
	at java.base/jdk.internal.reflect.DelegatingMethodAccessorImpl.invoke(DelegatingMethodAccessorImpl.java:43)
	at java.base/java.lang.reflect.Method.invoke(Method.java:568)
	at org.testng.internal.MethodInvocationHelper.invokeMethod(MethodInvocationHelper.java:124)
	at org.testng.internal.Invoker.invokeMethod(Invoker.java:583)
	at org.testng.internal.Invoker.invokeTestMethod(Invoker.java:719)
	at org.testng.internal.Invoker.invokeTestMethods(Invoker.java:989)
	at org.testng.internal.TestMethodWorker.invokeTestMethods(TestMethodWorker.java:125)
	at org.testng.internal.TestMethodWorker.run(TestMethodWorker.java:109)
	at org.testng.TestRunner.privateRun(TestRunner.java:648)
	at org.testng.TestRunner.run(TestRunner.java:505)
	at org.testng.SuiteRunner.runTest(SuiteRunner.java:455)
	at org.testng.SuiteRunner.runSequentially(SuiteRunner.java:450)
	at org.testng.SuiteRunner.privateRun(SuiteRunner.java:415)
	at org.testng.SuiteRunner.run(SuiteRunner.java:364)
	at org.testng.SuiteRunnerWorker.runSuite(SuiteRunnerWorker.java:52)
	at org.testng.SuiteRunnerWorker.run(SuiteRunnerWorker.java:84)
	at org.testng.TestNG.runSuitesSequentially(TestNG.java:1208)
	at org.testng.TestNG.runSuitesLocally(TestNG.java:1137)
	at org.testng.TestNG.runSuites(TestNG.java:1049)
	at org.testng.TestNG.run(TestNG.java:1017)
	at org.apache.maven.surefire.testng.TestNGExecutor.run(TestNGExecutor.java:308)
	at org.apache.maven.surefire.testng.TestNGXmlTestSuite.execute(TestNGXmlTestSuite.java:71)
	at org.apache.maven.surefire.testng.TestNGProvider.invoke(TestNGProvider.java:113)
	at org.apache.maven.surefire.booter.ForkedBooter.runSuitesInProcess(ForkedBooter.java:385)
	at org.apache.maven.surefire.booter.ForkedBooter.execute(ForkedBooter.java:162)
	at org.apache.maven.surefire.booter.ForkedBooter.run(ForkedBooter.java:507)
	at org.apache.maven.surefire.booter.ForkedBooter.main(ForkedBooter.java:495)
Caused by: com.microsoft.playwright.TimeoutError: Error {
  message='Timeout 15000ms exceeded.
=========================== logs ===========================
waiting for selector "//span[@class='rtbText' and text()='Property Management']" to be visible
  selector resolved to hidden <span class="rtbText">Property Management</span>
============================================================
  name='TimeoutError
  stack='TimeoutError: Timeout 15000ms exceeded.
=========================== logs ===========================
waiting for selector "//span[@class='rtbText' and text()='Property Management']" to be visible
  selector resolved to hidden <span class="rtbText">Property Management</span>
============================================================
    at ProgressController.run (C:\Users\Dell\AppData\Local\Temp\playwright-java-10247613160407580068\package\lib\server\progress.js:96:26)
    at Frame.waitForSelector (C:\Users\Dell\AppData\Local\Temp\playwright-java-10247613160407580068\package\lib\server\frames.js:843:23)
    at FrameDispatcher.waitForSelector (C:\Users\Dell\AppData\Local\Temp\playwright-java-10247613160407580068\package\lib\server\dispatchers\frameDispatcher.js:111:110)
    at DispatcherConnection.dispatch (C:\Users\Dell\AppData\Local\Temp\playwright-java-10247613160407580068\package\lib\server\dispatchers\dispatcher.js:397:46)
}
	at com.microsoft.playwright.impl.WaitableResult.get(WaitableResult.java:52)
	at com.microsoft.playwright.impl.ChannelOwner.runUntil(ChannelOwner.java:109)
	at com.microsoft.playwright.impl.Connection.sendMessage(Connection.java:108)
	at com.microsoft.playwright.impl.ChannelOwner.sendMessage(ChannelOwner.java:100)
	at com.microsoft.playwright.impl.FrameImpl.waitForSelectorImpl(FrameImpl.java:982)
	at com.microsoft.playwright.impl.LocatorImpl.lambda$waitForImpl$6(LocatorImpl.java:500)
	at com.microsoft.playwright.impl.LoggingSupport.withLogging(LoggingSupport.java:47)
	at com.microsoft.playwright.impl.ChannelOwner.withLogging(ChannelOwner.java:85)
	at com.microsoft.playwright.impl.LocatorImpl.waitForImpl(LocatorImpl.java:500)
	at com.microsoft.playwright.impl.LocatorImpl.waitFor(LocatorImpl.java:496)
	at pages.PanelExpandCollapsePage.selectDomain(PanelExpandCollapsePage.java:57)
	at testcases.FullUserJourneyTest.expandAndCollapsePanelsInAllTabsAfterFileSelection(FullUserJourneyTest.java:741)
	... 29 more
Caused by: com.microsoft.playwright.TimeoutError: Error {
  message='Timeout 15000ms exceeded.
=========================== logs ===========================
waiting for selector "//span[@class='rtbText' and text()='Property Management']" to be visible
  selector resolved to hidden <span class="rtbText">Property Management</span>
============================================================
  name='TimeoutError
  stack='TimeoutError: Timeout 15000ms exceeded.
=========================== logs ===========================
waiting for selector "//span[@class='rtbText' and text()='Property Management']" to be visible
  selector resolved to hidden <span class="rtbText">Property Management</span>
============================================================
    at ProgressController.run (C:\Users\Dell\AppData\Local\Temp\playwright-java-10247613160407580068\package\lib\server\progress.js:96:26)
    at Frame.waitForSelector (C:\Users\Dell\AppData\Local\Temp\playwright-java-10247613160407580068\package\lib\server\frames.js:843:23)
    at FrameDispatcher.waitForSelector (C:\Users\Dell\AppData\Local\Temp\playwright-java-10247613160407580068\package\lib\server\dispatchers\frameDispatcher.js:111:110)
    at DispatcherConnection.dispatch (C:\Users\Dell\AppData\Local\Temp\playwright-java-10247613160407580068\package\lib\server\dispatchers\dispatcher.js:397:46)
}
	at com.microsoft.playwright.impl.Connection.dispatch(Connection.java:188)
	at com.microsoft.playwright.impl.Connection.processOneMessage(Connection.java:170)
	at com.microsoft.playwright.impl.ChannelOwner.runUntil(ChannelOwner.java:107)
	... 39 more
]]></system-out>
  </testcase>
  <testcase name="openAndCloseCreateNewFilePopup" classname="testcases.FullUserJourneyTest" time="36.087">
    <system-out><![CDATA[2025-08-05 18:28:35 ERROR ExtentListeners:57 - === TEST FAILED: expandAndCollapsePanelsInAllTabsAfterFileSelection ===
 java.lang.RuntimeException: Expand and collapse panels test failed: Error {
  message='Timeout 15000ms exceeded.
=========================== logs ===========================
waiting for selector "//span[@class='rtbText' and text()='Property Management']" to be visible
  selector resolved to hidden <span class="rtbText">Property Management</span>
============================================================
  name='TimeoutError
  stack='TimeoutError: Timeout 15000ms exceeded.
=========================== logs ===========================
waiting for selector "//span[@class='rtbText' and text()='Property Management']" to be visible
  selector resolved to hidden <span class="rtbText">Property Management</span>
============================================================
    at ProgressController.run (C:\Users\Dell\AppData\Local\Temp\playwright-java-10247613160407580068\package\lib\server\progress.js:96:26)
    at Frame.waitForSelector (C:\Users\Dell\AppData\Local\Temp\playwright-java-10247613160407580068\package\lib\server\frames.js:843:23)
    at FrameDispatcher.waitForSelector (C:\Users\Dell\AppData\Local\Temp\playwright-java-10247613160407580068\package\lib\server\dispatchers\frameDispatcher.js:111:110)
    at DispatcherConnection.dispatch (C:\Users\Dell\AppData\Local\Temp\playwright-java-10247613160407580068\package\lib\server\dispatchers\dispatcher.js:397:46)
}
	at testcases.FullUserJourneyTest.expandAndCollapsePanelsInAllTabsAfterFileSelection(FullUserJourneyTest.java:775)
	at java.base/jdk.internal.reflect.NativeMethodAccessorImpl.invoke0(Native Method)
	at java.base/jdk.internal.reflect.NativeMethodAccessorImpl.invoke(NativeMethodAccessorImpl.java:77)
	at java.base/jdk.internal.reflect.DelegatingMethodAccessorImpl.invoke(DelegatingMethodAccessorImpl.java:43)
	at java.base/java.lang.reflect.Method.invoke(Method.java:568)
	at org.testng.internal.MethodInvocationHelper.invokeMethod(MethodInvocationHelper.java:124)
	at org.testng.internal.Invoker.invokeMethod(Invoker.java:583)
	at org.testng.internal.Invoker.invokeTestMethod(Invoker.java:719)
	at org.testng.internal.Invoker.invokeTestMethods(Invoker.java:989)
	at org.testng.internal.TestMethodWorker.invokeTestMethods(TestMethodWorker.java:125)
	at org.testng.internal.TestMethodWorker.run(TestMethodWorker.java:109)
	at org.testng.TestRunner.privateRun(TestRunner.java:648)
	at org.testng.TestRunner.run(TestRunner.java:505)
	at org.testng.SuiteRunner.runTest(SuiteRunner.java:455)
	at org.testng.SuiteRunner.runSequentially(SuiteRunner.java:450)
	at org.testng.SuiteRunner.privateRun(SuiteRunner.java:415)
	at org.testng.SuiteRunner.run(SuiteRunner.java:364)
	at org.testng.SuiteRunnerWorker.runSuite(SuiteRunnerWorker.java:52)
	at org.testng.SuiteRunnerWorker.run(SuiteRunnerWorker.java:84)
	at org.testng.TestNG.runSuitesSequentially(TestNG.java:1208)
	at org.testng.TestNG.runSuitesLocally(TestNG.java:1137)
	at org.testng.TestNG.runSuites(TestNG.java:1049)
	at org.testng.TestNG.run(TestNG.java:1017)
	at org.apache.maven.surefire.testng.TestNGExecutor.run(TestNGExecutor.java:308)
	at org.apache.maven.surefire.testng.TestNGXmlTestSuite.execute(TestNGXmlTestSuite.java:71)
	at org.apache.maven.surefire.testng.TestNGProvider.invoke(TestNGProvider.java:113)
	at org.apache.maven.surefire.booter.ForkedBooter.runSuitesInProcess(ForkedBooter.java:385)
	at org.apache.maven.surefire.booter.ForkedBooter.execute(ForkedBooter.java:162)
	at org.apache.maven.surefire.booter.ForkedBooter.run(ForkedBooter.java:507)
	at org.apache.maven.surefire.booter.ForkedBooter.main(ForkedBooter.java:495)
Caused by: com.microsoft.playwright.TimeoutError: Error {
  message='Timeout 15000ms exceeded.
=========================== logs ===========================
waiting for selector "//span[@class='rtbText' and text()='Property Management']" to be visible
  selector resolved to hidden <span class="rtbText">Property Management</span>
============================================================
  name='TimeoutError
  stack='TimeoutError: Timeout 15000ms exceeded.
=========================== logs ===========================
waiting for selector "//span[@class='rtbText' and text()='Property Management']" to be visible
  selector resolved to hidden <span class="rtbText">Property Management</span>
============================================================
    at ProgressController.run (C:\Users\Dell\AppData\Local\Temp\playwright-java-10247613160407580068\package\lib\server\progress.js:96:26)
    at Frame.waitForSelector (C:\Users\Dell\AppData\Local\Temp\playwright-java-10247613160407580068\package\lib\server\frames.js:843:23)
    at FrameDispatcher.waitForSelector (C:\Users\Dell\AppData\Local\Temp\playwright-java-10247613160407580068\package\lib\server\dispatchers\frameDispatcher.js:111:110)
    at DispatcherConnection.dispatch (C:\Users\Dell\AppData\Local\Temp\playwright-java-10247613160407580068\package\lib\server\dispatchers\dispatcher.js:397:46)
}
	at com.microsoft.playwright.impl.WaitableResult.get(WaitableResult.java:52)
	at com.microsoft.playwright.impl.ChannelOwner.runUntil(ChannelOwner.java:109)
	at com.microsoft.playwright.impl.Connection.sendMessage(Connection.java:108)
	at com.microsoft.playwright.impl.ChannelOwner.sendMessage(ChannelOwner.java:100)
	at com.microsoft.playwright.impl.FrameImpl.waitForSelectorImpl(FrameImpl.java:982)
	at com.microsoft.playwright.impl.LocatorImpl.lambda$waitForImpl$6(LocatorImpl.java:500)
	at com.microsoft.playwright.impl.LoggingSupport.withLogging(LoggingSupport.java:47)
	at com.microsoft.playwright.impl.ChannelOwner.withLogging(ChannelOwner.java:85)
	at com.microsoft.playwright.impl.LocatorImpl.waitForImpl(LocatorImpl.java:500)
	at com.microsoft.playwright.impl.LocatorImpl.waitFor(LocatorImpl.java:496)
	at pages.PanelExpandCollapsePage.selectDomain(PanelExpandCollapsePage.java:57)
	at testcases.FullUserJourneyTest.expandAndCollapsePanelsInAllTabsAfterFileSelection(FullUserJourneyTest.java:741)
	... 29 more
Caused by: com.microsoft.playwright.TimeoutError: Error {
  message='Timeout 15000ms exceeded.
=========================== logs ===========================
waiting for selector "//span[@class='rtbText' and text()='Property Management']" to be visible
  selector resolved to hidden <span class="rtbText">Property Management</span>
============================================================
  name='TimeoutError
  stack='TimeoutError: Timeout 15000ms exceeded.
=========================== logs ===========================
waiting for selector "//span[@class='rtbText' and text()='Property Management']" to be visible
  selector resolved to hidden <span class="rtbText">Property Management</span>
============================================================
    at ProgressController.run (C:\Users\Dell\AppData\Local\Temp\playwright-java-10247613160407580068\package\lib\server\progress.js:96:26)
    at Frame.waitForSelector (C:\Users\Dell\AppData\Local\Temp\playwright-java-10247613160407580068\package\lib\server\frames.js:843:23)
    at FrameDispatcher.waitForSelector (C:\Users\Dell\AppData\Local\Temp\playwright-java-10247613160407580068\package\lib\server\dispatchers\frameDispatcher.js:111:110)
    at DispatcherConnection.dispatch (C:\Users\Dell\AppData\Local\Temp\playwright-java-10247613160407580068\package\lib\server\dispatchers\dispatcher.js:397:46)
}
	at com.microsoft.playwright.impl.Connection.dispatch(Connection.java:188)
	at com.microsoft.playwright.impl.Connection.processOneMessage(Connection.java:170)
	at com.microsoft.playwright.impl.ChannelOwner.runUntil(ChannelOwner.java:107)
	... 39 more
2025-08-05 18:28:35 ERROR BaseTest:141 - Test failed: expandAndCollapsePanelsInAllTabsAfterFileSelection
 java.lang.RuntimeException: Expand and collapse panels test failed: Error {
  message='Timeout 15000ms exceeded.
=========================== logs ===========================
waiting for selector "//span[@class='rtbText' and text()='Property Management']" to be visible
  selector resolved to hidden <span class="rtbText">Property Management</span>
============================================================
  name='TimeoutError
  stack='TimeoutError: Timeout 15000ms exceeded.
=========================== logs ===========================
waiting for selector "//span[@class='rtbText' and text()='Property Management']" to be visible
  selector resolved to hidden <span class="rtbText">Property Management</span>
============================================================
    at ProgressController.run (C:\Users\Dell\AppData\Local\Temp\playwright-java-10247613160407580068\package\lib\server\progress.js:96:26)
    at Frame.waitForSelector (C:\Users\Dell\AppData\Local\Temp\playwright-java-10247613160407580068\package\lib\server\frames.js:843:23)
    at FrameDispatcher.waitForSelector (C:\Users\Dell\AppData\Local\Temp\playwright-java-10247613160407580068\package\lib\server\dispatchers\frameDispatcher.js:111:110)
    at DispatcherConnection.dispatch (C:\Users\Dell\AppData\Local\Temp\playwright-java-10247613160407580068\package\lib\server\dispatchers\dispatcher.js:397:46)
}
	at testcases.FullUserJourneyTest.expandAndCollapsePanelsInAllTabsAfterFileSelection(FullUserJourneyTest.java:775)
	at java.base/jdk.internal.reflect.NativeMethodAccessorImpl.invoke0(Native Method)
	at java.base/jdk.internal.reflect.NativeMethodAccessorImpl.invoke(NativeMethodAccessorImpl.java:77)
	at java.base/jdk.internal.reflect.DelegatingMethodAccessorImpl.invoke(DelegatingMethodAccessorImpl.java:43)
	at java.base/java.lang.reflect.Method.invoke(Method.java:568)
	at org.testng.internal.MethodInvocationHelper.invokeMethod(MethodInvocationHelper.java:124)
	at org.testng.internal.Invoker.invokeMethod(Invoker.java:583)
	at org.testng.internal.Invoker.invokeTestMethod(Invoker.java:719)
	at org.testng.internal.Invoker.invokeTestMethods(Invoker.java:989)
	at org.testng.internal.TestMethodWorker.invokeTestMethods(TestMethodWorker.java:125)
	at org.testng.internal.TestMethodWorker.run(TestMethodWorker.java:109)
	at org.testng.TestRunner.privateRun(TestRunner.java:648)
	at org.testng.TestRunner.run(TestRunner.java:505)
	at org.testng.SuiteRunner.runTest(SuiteRunner.java:455)
	at org.testng.SuiteRunner.runSequentially(SuiteRunner.java:450)
	at org.testng.SuiteRunner.privateRun(SuiteRunner.java:415)
	at org.testng.SuiteRunner.run(SuiteRunner.java:364)
	at org.testng.SuiteRunnerWorker.runSuite(SuiteRunnerWorker.java:52)
	at org.testng.SuiteRunnerWorker.run(SuiteRunnerWorker.java:84)
	at org.testng.TestNG.runSuitesSequentially(TestNG.java:1208)
	at org.testng.TestNG.runSuitesLocally(TestNG.java:1137)
	at org.testng.TestNG.runSuites(TestNG.java:1049)
	at org.testng.TestNG.run(TestNG.java:1017)
	at org.apache.maven.surefire.testng.TestNGExecutor.run(TestNGExecutor.java:308)
	at org.apache.maven.surefire.testng.TestNGXmlTestSuite.execute(TestNGXmlTestSuite.java:71)
	at org.apache.maven.surefire.testng.TestNGProvider.invoke(TestNGProvider.java:113)
	at org.apache.maven.surefire.booter.ForkedBooter.runSuitesInProcess(ForkedBooter.java:385)
	at org.apache.maven.surefire.booter.ForkedBooter.execute(ForkedBooter.java:162)
	at org.apache.maven.surefire.booter.ForkedBooter.run(ForkedBooter.java:507)
	at org.apache.maven.surefire.booter.ForkedBooter.main(ForkedBooter.java:495)
Caused by: com.microsoft.playwright.TimeoutError: Error {
  message='Timeout 15000ms exceeded.
=========================== logs ===========================
waiting for selector "//span[@class='rtbText' and text()='Property Management']" to be visible
  selector resolved to hidden <span class="rtbText">Property Management</span>
============================================================
  name='TimeoutError
  stack='TimeoutError: Timeout 15000ms exceeded.
=========================== logs ===========================
waiting for selector "//span[@class='rtbText' and text()='Property Management']" to be visible
  selector resolved to hidden <span class="rtbText">Property Management</span>
============================================================
    at ProgressController.run (C:\Users\Dell\AppData\Local\Temp\playwright-java-10247613160407580068\package\lib\server\progress.js:96:26)
    at Frame.waitForSelector (C:\Users\Dell\AppData\Local\Temp\playwright-java-10247613160407580068\package\lib\server\frames.js:843:23)
    at FrameDispatcher.waitForSelector (C:\Users\Dell\AppData\Local\Temp\playwright-java-10247613160407580068\package\lib\server\dispatchers\frameDispatcher.js:111:110)
    at DispatcherConnection.dispatch (C:\Users\Dell\AppData\Local\Temp\playwright-java-10247613160407580068\package\lib\server\dispatchers\dispatcher.js:397:46)
}
	at com.microsoft.playwright.impl.WaitableResult.get(WaitableResult.java:52)
	at com.microsoft.playwright.impl.ChannelOwner.runUntil(ChannelOwner.java:109)
	at com.microsoft.playwright.impl.Connection.sendMessage(Connection.java:108)
	at com.microsoft.playwright.impl.ChannelOwner.sendMessage(ChannelOwner.java:100)
	at com.microsoft.playwright.impl.FrameImpl.waitForSelectorImpl(FrameImpl.java:982)
	at com.microsoft.playwright.impl.LocatorImpl.lambda$waitForImpl$6(LocatorImpl.java:500)
	at com.microsoft.playwright.impl.LoggingSupport.withLogging(LoggingSupport.java:47)
	at com.microsoft.playwright.impl.ChannelOwner.withLogging(ChannelOwner.java:85)
	at com.microsoft.playwright.impl.LocatorImpl.waitForImpl(LocatorImpl.java:500)
	at com.microsoft.playwright.impl.LocatorImpl.waitFor(LocatorImpl.java:496)
	at pages.PanelExpandCollapsePage.selectDomain(PanelExpandCollapsePage.java:57)
	at testcases.FullUserJourneyTest.expandAndCollapsePanelsInAllTabsAfterFileSelection(FullUserJourneyTest.java:741)
	... 29 more
Caused by: com.microsoft.playwright.TimeoutError: Error {
  message='Timeout 15000ms exceeded.
=========================== logs ===========================
waiting for selector "//span[@class='rtbText' and text()='Property Management']" to be visible
  selector resolved to hidden <span class="rtbText">Property Management</span>
============================================================
  name='TimeoutError
  stack='TimeoutError: Timeout 15000ms exceeded.
=========================== logs ===========================
waiting for selector "//span[@class='rtbText' and text()='Property Management']" to be visible
  selector resolved to hidden <span class="rtbText">Property Management</span>
============================================================
    at ProgressController.run (C:\Users\Dell\AppData\Local\Temp\playwright-java-10247613160407580068\package\lib\server\progress.js:96:26)
    at Frame.waitForSelector (C:\Users\Dell\AppData\Local\Temp\playwright-java-10247613160407580068\package\lib\server\frames.js:843:23)
    at FrameDispatcher.waitForSelector (C:\Users\Dell\AppData\Local\Temp\playwright-java-10247613160407580068\package\lib\server\dispatchers\frameDispatcher.js:111:110)
    at DispatcherConnection.dispatch (C:\Users\Dell\AppData\Local\Temp\playwright-java-10247613160407580068\package\lib\server\dispatchers\dispatcher.js:397:46)
}
	at com.microsoft.playwright.impl.Connection.dispatch(Connection.java:188)
	at com.microsoft.playwright.impl.Connection.processOneMessage(Connection.java:170)
	at com.microsoft.playwright.impl.ChannelOwner.runUntil(ChannelOwner.java:107)
	... 39 more
2025-08-05 18:28:35 INFO  BaseTest:145 - Screenshot captured: screenshots/expandAndCollapsePanelsInAllTabsAfterFileSelection_1754398715445.png
 2025-08-05 18:28:35 INFO  BaseTest:114 - Setting up test: FullUserJourneyTest.openAndCloseCreateNewFilePopup
 2025-08-05 18:28:35 INFO  BaseTest:123 - ExtentTest initialized for test: FullUserJourneyTest.openAndCloseCreateNewFilePopup
 2025-08-05 18:28:35 INFO  ExtentListeners:37 - === Starting test: testcases.FullUserJourneyTest.openAndCloseCreateNewFilePopup ===
 2025-08-05 18:28:35 INFO  ExtentListeners:37 - === Starting test: testcases.FullUserJourneyTest.openAndCloseCreateNewFilePopup ===
 2025-08-05 18:28:35 INFO  FullUserJourneyTest:784 - Starting create new file test
 2025-08-05 18:29:11 INFO  FullUserJourneyTest:809 - Create new file test completed
 2025-08-05 18:29:11 INFO  ExtentListeners:46 - === TEST PASSED: openAndCloseCreateNewFilePopup ===
 ]]></system-out>
  </testcase>
  <testcase name="openAndCloseCreateNewProjectPopup" classname="testcases.FullUserJourneyTest" time="30.025">
    <system-out><![CDATA[2025-08-05 18:29:11 INFO  ExtentListeners:46 - === TEST PASSED: openAndCloseCreateNewFilePopup ===
 2025-08-05 18:29:11 INFO  BaseTest:114 - Setting up test: FullUserJourneyTest.openAndCloseCreateNewProjectPopup
 2025-08-05 18:29:11 INFO  BaseTest:123 - ExtentTest initialized for test: FullUserJourneyTest.openAndCloseCreateNewProjectPopup
 2025-08-05 18:29:11 INFO  ExtentListeners:37 - === Starting test: testcases.FullUserJourneyTest.openAndCloseCreateNewProjectPopup ===
 2025-08-05 18:29:11 INFO  ExtentListeners:37 - === Starting test: testcases.FullUserJourneyTest.openAndCloseCreateNewProjectPopup ===
 2025-08-05 18:29:11 INFO  FullUserJourneyTest:816 - Starting open and close create new project popup test
 2025-08-05 18:29:41 INFO  FullUserJourneyTest:842 - Open and close create new project popup test completed
 2025-08-05 18:29:41 INFO  ExtentListeners:46 - === TEST PASSED: openAndCloseCreateNewProjectPopup ===
 ]]></system-out>
  </testcase>
  <testcase name="testRecentlyVisitedPopup" classname="testcases.FullUserJourneyTest" time="17.067">
    <failure message="Error {&#10;  message=&apos;Timeout 5000ms exceeded.&#10;=========================== logs ===========================&#10;waiting for selector &quot;div.TelerikModalOverlay:not([style*=&apos;display: none&apos;])&quot; to be hidden&#10;  selector resolved to visible &lt;div unselectable=&quot;on&quot; class=&quot;TelerikModalOverlay&quot;&gt;&lt;/div&gt;&#10;============================================================&#10;  name=&apos;TimeoutError&#10;  stack=&apos;TimeoutError: Timeout 5000ms exceeded.&#10;=========================== logs ===========================&#10;waiting for selector &quot;div.TelerikModalOverlay:not([style*=&apos;display: none&apos;])&quot; to be hidden&#10;  selector resolved to visible &lt;div unselectable=&quot;on&quot; class=&quot;TelerikModalOverlay&quot;&gt;&lt;/div&gt;&#10;============================================================&#10;    at ProgressController.run (C:\Users\Dell\AppData\Local\Temp\playwright-java-10247613160407580068\package\lib\server\progress.js:96:26)&#10;    at Frame.waitForSelector (C:\Users\Dell\AppData\Local\Temp\playwright-java-10247613160407580068\package\lib\server\frames.js:843:23)&#10;    at FrameDispatcher.waitForSelector (C:\Users\Dell\AppData\Local\Temp\playwright-java-10247613160407580068\package\lib\server\dispatchers\frameDispatcher.js:111:110)&#10;    at DispatcherConnection.dispatch (C:\Users\Dell\AppData\Local\Temp\playwright-java-10247613160407580068\package\lib\server\dispatchers\dispatcher.js:397:46)&#10;}" type="com.microsoft.playwright.TimeoutError"><![CDATA[com.microsoft.playwright.TimeoutError: 
Error {
  message='Timeout 5000ms exceeded.
=========================== logs ===========================
waiting for selector "div.TelerikModalOverlay:not([style*='display: none'])" to be hidden
  selector resolved to visible <div unselectable="on" class="TelerikModalOverlay"></div>
============================================================
  name='TimeoutError
  stack='TimeoutError: Timeout 5000ms exceeded.
=========================== logs ===========================
waiting for selector "div.TelerikModalOverlay:not([style*='display: none'])" to be hidden
  selector resolved to visible <div unselectable="on" class="TelerikModalOverlay"></div>
============================================================
    at ProgressController.run (C:\Users\Dell\AppData\Local\Temp\playwright-java-10247613160407580068\package\lib\server\progress.js:96:26)
    at Frame.waitForSelector (C:\Users\Dell\AppData\Local\Temp\playwright-java-10247613160407580068\package\lib\server\frames.js:843:23)
    at FrameDispatcher.waitForSelector (C:\Users\Dell\AppData\Local\Temp\playwright-java-10247613160407580068\package\lib\server\dispatchers\frameDispatcher.js:111:110)
    at DispatcherConnection.dispatch (C:\Users\Dell\AppData\Local\Temp\playwright-java-10247613160407580068\package\lib\server\dispatchers\dispatcher.js:397:46)
}
	at com.microsoft.playwright.impl.WaitableResult.get(WaitableResult.java:52)
	at com.microsoft.playwright.impl.ChannelOwner.runUntil(ChannelOwner.java:109)
	at com.microsoft.playwright.impl.Connection.sendMessage(Connection.java:108)
	at com.microsoft.playwright.impl.ChannelOwner.sendMessage(ChannelOwner.java:100)
	at com.microsoft.playwright.impl.FrameImpl.waitForSelectorImpl(FrameImpl.java:982)
	at com.microsoft.playwright.impl.FrameImpl.waitForSelectorImpl(FrameImpl.java:972)
	at com.microsoft.playwright.impl.PageImpl.lambda$waitForSelector$78(PageImpl.java:1406)
	at com.microsoft.playwright.impl.LoggingSupport.withLogging(LoggingSupport.java:47)
	at com.microsoft.playwright.impl.ChannelOwner.withLogging(ChannelOwner.java:85)
	at com.microsoft.playwright.impl.PageImpl.waitForSelector(PageImpl.java:1405)
	at pages.RecentlyVisitedPopupPage.clickRecentlyVisited(RecentlyVisitedPopupPage.java:29)
	at testcases.FullUserJourneyTest.testRecentlyVisitedPopup(FullUserJourneyTest.java:863)
	at java.base/jdk.internal.reflect.NativeMethodAccessorImpl.invoke0(Native Method)
	at java.base/jdk.internal.reflect.NativeMethodAccessorImpl.invoke(NativeMethodAccessorImpl.java:77)
	at java.base/jdk.internal.reflect.DelegatingMethodAccessorImpl.invoke(DelegatingMethodAccessorImpl.java:43)
	at java.base/java.lang.reflect.Method.invoke(Method.java:568)
	at org.testng.internal.MethodInvocationHelper.invokeMethod(MethodInvocationHelper.java:124)
	at org.testng.internal.Invoker.invokeMethod(Invoker.java:583)
	at org.testng.internal.Invoker.invokeTestMethod(Invoker.java:719)
	at org.testng.internal.Invoker.invokeTestMethods(Invoker.java:989)
	at org.testng.internal.TestMethodWorker.invokeTestMethods(TestMethodWorker.java:125)
	at org.testng.internal.TestMethodWorker.run(TestMethodWorker.java:109)
	at org.testng.TestRunner.privateRun(TestRunner.java:648)
	at org.testng.TestRunner.run(TestRunner.java:505)
	at org.testng.SuiteRunner.runTest(SuiteRunner.java:455)
	at org.testng.SuiteRunner.runSequentially(SuiteRunner.java:450)
	at org.testng.SuiteRunner.privateRun(SuiteRunner.java:415)
	at org.testng.SuiteRunner.run(SuiteRunner.java:364)
	at org.testng.SuiteRunnerWorker.runSuite(SuiteRunnerWorker.java:52)
	at org.testng.SuiteRunnerWorker.run(SuiteRunnerWorker.java:84)
	at org.testng.TestNG.runSuitesSequentially(TestNG.java:1208)
	at org.testng.TestNG.runSuitesLocally(TestNG.java:1137)
	at org.testng.TestNG.runSuites(TestNG.java:1049)
	at org.testng.TestNG.run(TestNG.java:1017)
	at org.apache.maven.surefire.testng.TestNGExecutor.run(TestNGExecutor.java:308)
	at org.apache.maven.surefire.testng.TestNGXmlTestSuite.execute(TestNGXmlTestSuite.java:71)
	at org.apache.maven.surefire.testng.TestNGProvider.invoke(TestNGProvider.java:113)
	at org.apache.maven.surefire.booter.ForkedBooter.runSuitesInProcess(ForkedBooter.java:385)
	at org.apache.maven.surefire.booter.ForkedBooter.execute(ForkedBooter.java:162)
	at org.apache.maven.surefire.booter.ForkedBooter.run(ForkedBooter.java:507)
	at org.apache.maven.surefire.booter.ForkedBooter.main(ForkedBooter.java:495)
Caused by: com.microsoft.playwright.TimeoutError: Error {
  message='Timeout 5000ms exceeded.
=========================== logs ===========================
waiting for selector "div.TelerikModalOverlay:not([style*='display: none'])" to be hidden
  selector resolved to visible <div unselectable="on" class="TelerikModalOverlay"></div>
============================================================
  name='TimeoutError
  stack='TimeoutError: Timeout 5000ms exceeded.
=========================== logs ===========================
waiting for selector "div.TelerikModalOverlay:not([style*='display: none'])" to be hidden
  selector resolved to visible <div unselectable="on" class="TelerikModalOverlay"></div>
============================================================
    at ProgressController.run (C:\Users\Dell\AppData\Local\Temp\playwright-java-10247613160407580068\package\lib\server\progress.js:96:26)
    at Frame.waitForSelector (C:\Users\Dell\AppData\Local\Temp\playwright-java-10247613160407580068\package\lib\server\frames.js:843:23)
    at FrameDispatcher.waitForSelector (C:\Users\Dell\AppData\Local\Temp\playwright-java-10247613160407580068\package\lib\server\dispatchers\frameDispatcher.js:111:110)
    at DispatcherConnection.dispatch (C:\Users\Dell\AppData\Local\Temp\playwright-java-10247613160407580068\package\lib\server\dispatchers\dispatcher.js:397:46)
}
	at com.microsoft.playwright.impl.Connection.dispatch(Connection.java:188)
	at com.microsoft.playwright.impl.Connection.processOneMessage(Connection.java:170)
	at com.microsoft.playwright.impl.ChannelOwner.runUntil(ChannelOwner.java:107)
	... 39 more
]]></failure>
    <system-out><![CDATA[2025-08-05 18:29:41 INFO  ExtentListeners:46 - === TEST PASSED: openAndCloseCreateNewProjectPopup ===
 2025-08-05 18:29:41 INFO  BaseTest:114 - Setting up test: FullUserJourneyTest.testRecentlyVisitedPopup
 2025-08-05 18:29:41 INFO  BaseTest:123 - ExtentTest initialized for test: FullUserJourneyTest.testRecentlyVisitedPopup
 2025-08-05 18:29:41 INFO  ExtentListeners:37 - === Starting test: testcases.FullUserJourneyTest.testRecentlyVisitedPopup ===
 2025-08-05 18:29:41 INFO  ExtentListeners:37 - === Starting test: testcases.FullUserJourneyTest.testRecentlyVisitedPopup ===
 2025-08-05 18:29:41 INFO  FullUserJourneyTest:854 - Starting Recently Visited popup test
 2025-08-05 18:29:41 INFO  FullUserJourneyTest:861 - Clicking on Recently Visited button
 2025-08-05 18:29:46 WARN  RecentlyVisitedPopupPage:71 - Attempt 1/3 failed, retrying in 1000ms: Error {
  message='Timeout 5000ms exceeded.
=========================== logs ===========================
waiting for selector "div.TelerikModalOverlay:not([style*='display: none'])" to be hidden
  selector resolved to visible <div unselectable="on" class="TelerikModalOverlay"></div>
============================================================
  name='TimeoutError
  stack='TimeoutError: Timeout 5000ms exceeded.
=========================== logs ===========================
waiting for selector "div.TelerikModalOverlay:not([style*='display: none'])" to be hidden
  selector resolved to visible <div unselectable="on" class="TelerikModalOverlay"></div>
============================================================
    at ProgressController.run (C:\Users\Dell\AppData\Local\Temp\playwright-java-10247613160407580068\package\lib\server\progress.js:96:26)
    at Frame.waitForSelector (C:\Users\Dell\AppData\Local\Temp\playwright-java-10247613160407580068\package\lib\server\frames.js:843:23)
    at FrameDispatcher.waitForSelector (C:\Users\Dell\AppData\Local\Temp\playwright-java-10247613160407580068\package\lib\server\dispatchers\frameDispatcher.js:111:110)
    at DispatcherConnection.dispatch (C:\Users\Dell\AppData\Local\Temp\playwright-java-10247613160407580068\package\lib\server\dispatchers\dispatcher.js:397:46)
}
 2025-08-05 18:29:52 WARN  RecentlyVisitedPopupPage:71 - Attempt 2/3 failed, retrying in 1000ms: Error {
  message='Timeout 5000ms exceeded.
=========================== logs ===========================
waiting for selector "div.TelerikModalOverlay:not([style*='display: none'])" to be hidden
  selector resolved to visible <div unselectable="on" class="TelerikModalOverlay"></div>
============================================================
  name='TimeoutError
  stack='TimeoutError: Timeout 5000ms exceeded.
=========================== logs ===========================
waiting for selector "div.TelerikModalOverlay:not([style*='display: none'])" to be hidden
  selector resolved to visible <div unselectable="on" class="TelerikModalOverlay"></div>
============================================================
    at ProgressController.run (C:\Users\Dell\AppData\Local\Temp\playwright-java-10247613160407580068\package\lib\server\progress.js:96:26)
    at Frame.waitForSelector (C:\Users\Dell\AppData\Local\Temp\playwright-java-10247613160407580068\package\lib\server\frames.js:843:23)
    at FrameDispatcher.waitForSelector (C:\Users\Dell\AppData\Local\Temp\playwright-java-10247613160407580068\package\lib\server\dispatchers\frameDispatcher.js:111:110)
    at DispatcherConnection.dispatch (C:\Users\Dell\AppData\Local\Temp\playwright-java-10247613160407580068\package\lib\server\dispatchers\dispatcher.js:397:46)
}
 2025-08-05 18:29:58 ERROR RecentlyVisitedPopupPage:61 - Failed to click on 'Recently Visited' button after 3 attempts: Error {
  message='Timeout 5000ms exceeded.
=========================== logs ===========================
waiting for selector "div.TelerikModalOverlay:not([style*='display: none'])" to be hidden
  selector resolved to visible <div unselectable="on" class="TelerikModalOverlay"></div>
============================================================
  name='TimeoutError
  stack='TimeoutError: Timeout 5000ms exceeded.
=========================== logs ===========================
waiting for selector "div.TelerikModalOverlay:not([style*='display: none'])" to be hidden
  selector resolved to visible <div unselectable="on" class="TelerikModalOverlay"></div>
============================================================
    at ProgressController.run (C:\Users\Dell\AppData\Local\Temp\playwright-java-10247613160407580068\package\lib\server\progress.js:96:26)
[...]
  waiting 500ms
  waiting for element to be visible, enabled and stable
  element is visible, enabled and stable
  scrolling into view if needed
  done scrolling
  <div unselectable="on" class="TelerikModalOverlay"></div> intercepts pointer events
retrying click action, attempt #57
  waiting 500ms
  waiting for element to be visible, enabled and stable
  element is visible, enabled and stable
  scrolling into view if needed
  done scrolling
  <div unselectable="on" class="TelerikModalOverlay"></div> intercepts pointer events
retrying click action, attempt #58
  waiting 500ms
  waiting for element to be visible, enabled and stable
  element is visible, enabled and stable
  scrolling into view if needed
  done scrolling
  <div unselectable="on" class="TelerikModalOverlay"></div> intercepts pointer events
retrying click action, attempt #59
  waiting 500ms
  waiting for element to be visible, enabled and stable
  element is visible, enabled and stable
  scrolling into view if needed
  done scrolling
  <div unselectable="on" class="TelerikModalOverlay"></div> intercepts pointer events
retrying click action, attempt #60
  waiting 500ms
  waiting for element to be visible, enabled and stable
  element is visible, enabled and stable
  scrolling into view if needed
  done scrolling
  <div unselectable="on" class="TelerikModalOverlay"></div> intercepts pointer events
retrying click action, attempt #61
  waiting 500ms
============================================================
  name='TimeoutError
  stack='TimeoutError: Timeout 30000ms exceeded.
=========================== logs ===========================
waiting for selector "span:has-text('Pinned') >> nth=0"
  selector resolved to visible <span class="counterBootstrap" onclick="PinUnpinApplic…>…</span>
attempting click action
  waiting for element to be visible, enabled and stable
  element is visible, enabled and stable
  scrolling into view if needed
  done scrolling
  <div unselectable="on" class="TelerikModalOverlay"></div> intercepts pointer events
retrying click action, attempt #1
  waiting for element to be visible, enabled and stable
  element is visible, enabled and stable
  scrolling into view if needed
  done scrolling
  <div unselectable="on" class="TelerikModalOverlay"></div> intercepts pointer events
retrying click action, attempt #2
  waiting 20ms
  waiting for element to be visible, enabled and stable
  element is visible, enabled and stable
  scrolling into view if needed
  done scrolling
  <div unselectable="on" class="TelerikModalOverlay"></div> intercepts pointer events
retrying click action, attempt #3
  waiting 100ms
  waiting for element to be visible, enabled and stable
  element is visible, enabled and stable
  scrolling into view if needed
  done scrolling
  <div unselectable="on" class="TelerikModalOverlay"></div> intercepts pointer events
retrying click action, attempt #4
  waiting 100ms
  waiting for element to be visible, enabled and stable
  element is visible, enabled and stable
  scrolling into view if needed
  done scrolling
  <div unselectable="on" class="TelerikModalOverlay"></div> intercepts pointer events
retrying click action, attempt #5
  waiting 500ms
  waiting for element to be visible, enabled and stable
  element is visible, enabled and stable
  scrolling into view if needed
  done scrolling
  <div unselectable="on" class="TelerikModalOverlay"></div> intercepts pointer events
retrying click action, attempt #6
  waiting 500ms
  waiting for element to be visible, enabled and stable
  element is visible, enabled and stable
  scrolling into view if needed
  done scrolling
  <div unselectable="on" class="TelerikModalOverlay"></div> intercepts pointer events
retrying click action, attempt #7
  waiting 500ms
  waiting for element to be visible, enabled and stable
  element is visible, enabled and stable
  scrolling into view if needed
  done scrolling
  <div unselectable="on" class="TelerikModalOverlay"></div> intercepts pointer events
retrying click action, attempt #8
  waiting 500ms
  waiting for element to be visible, enabled and stable
  element is visible, enabled and stable
  scrolling into view if needed
  done scrolling
  <div unselectable="on" class="TelerikModalOverlay"></div> intercepts pointer events
retrying click action, attempt #9
  waiting 500ms
  waiting for element to be visible, enabled and stable
  element is visible, enabled and stable
  scrolling into view if needed
  done scrolling
  <div unselectable="on" class="TelerikModalOverlay"></div> intercepts pointer events
retrying click action, attempt #10
  waiting 500ms
  waiting for element to be visible, enabled and stable
  element is visible, enabled and stable
  scrolling into view if needed
  done scrolling
  <div unselectable="on" class="TelerikModalOverlay"></div> intercepts pointer events
retrying click action, attempt #11
  waiting 500ms
  waiting for element to be visible, enabled and stable
  element is visible, enabled and stable
  scrolling into view if needed
  done scrolling
  <div unselectable="on" class="TelerikModalOverlay"></div> intercepts pointer events
retrying click action, attempt #12
  waiting 500ms
  waiting for element to be visible, enabled and stable
  element is visible, enabled and stable
  scrolling into view if needed
  done scrolling
  <div unselectable="on" class="TelerikModalOverlay"></div> intercepts pointer events
retrying click action, attempt #13
  waiting 500ms
  waiting for element to be visible, enabled and stable
  element is visible, enabled and stable
  scrolling into view if needed
  done scrolling
  <div unselectable="on" class="TelerikModalOverlay"></div> intercepts pointer events
retrying click action, attempt #14
  waiting 500ms
  waiting for element to be visible, enabled and stable
  element is visible, enabled and stable
  scrolling into view if needed
  done scrolling
  <div unselectable="on" class="TelerikModalOverlay"></div> intercepts pointer events
retrying click action, attempt #15
  waiting 500ms
  waiting for element to be visible, enabled and stable
  element is visible, enabled and stable
  scrolling into view if needed
  done scrolling
  <div unselectable="on" class="TelerikModalOverlay"></div> intercepts pointer events
retrying click action, attempt #16
  waiting 500ms
  waiting for element to be visible, enabled and stable
  element is visible, enabled and stable
  scrolling into view if needed
  done scrolling
  <div unselectable="on" class="TelerikModalOverlay"></div> intercepts pointer events
retrying click action, attempt #17
  waiting 500ms
  waiting for element to be visible, enabled and stable
  element is visible, enabled and stable
  scrolling into view if needed
  done scrolling
  <div unselectable="on" class="TelerikModalOverlay"></div> intercepts pointer events
retrying click action, attempt #18
  waiting 500ms
  waiting for element to be visible, enabled and stable
  element is visible, enabled and stable
  scrolling into view if needed
  done scrolling
  <div unselectable="on" class="TelerikModalOverlay"></div> intercepts pointer events
retrying click action, attempt #19
  waiting 500ms
  waiting for element to be visible, enabled and stable
  element is visible, enabled and stable
  scrolling into view if needed
  done scrolling
  <div unselectable="on" class="TelerikModalOverlay"></div> intercepts pointer events
retrying click action, attempt #20
  waiting 500ms
  waiting for element to be visible, enabled and stable
  element is visible, enabled and stable
  scrolling into view if needed
  done scrolling
  <div unselectable="on" class="TelerikModalOverlay"></div> intercepts pointer events
retrying click action, attempt #21
  waiting 500ms
  waiting for element to be visible, enabled and stable
  element is visible, enabled and stable
  scrolling into view if needed
  done scrolling
  <div unselectable="on" class="TelerikModalOverlay"></div> intercepts pointer events
retrying click action, attempt #22
  waiting 500ms
  waiting for element to be visible, enabled and stable
  element is visible, enabled and stable
  scrolling into view if needed
  done scrolling
  <div unselectable="on" class="TelerikModalOverlay"></div> intercepts pointer events
retrying click action, attempt #23
  waiting 500ms
  waiting for element to be visible, enabled and stable
  element is visible, enabled and stable
  scrolling into view if needed
  done scrolling
  <div unselectable="on" class="TelerikModalOverlay"></div> intercepts pointer events
retrying click action, attempt #24
  waiting 500ms
  waiting for element to be visible, enabled and stable
  element is visible, enabled and stable
  scrolling into view if needed
  done scrolling
  <div unselectable="on" class="TelerikModalOverlay"></div> intercepts pointer events
retrying click action, attempt #25
  waiting 500ms
  waiting for element to be visible, enabled and stable
  element is visible, enabled and stable
  scrolling into view if needed
  done scrolling
  <div unselectable="on" class="TelerikModalOverlay"></div> intercepts pointer events
retrying click action, attempt #26
  waiting 500ms
  waiting for element to be visible, enabled and stable
  element is visible, enabled and stable
  scrolling into view if needed
  done scrolling
  <div unselectable="on" class="TelerikModalOverlay"></div> intercepts pointer events
retrying click action, attempt #27
  waiting 500ms
  waiting for element to be visible, enabled and stable
  element is visible, enabled and stable
  scrolling into view if needed
  done scrolling
  <div unselectable="on" class="TelerikModalOverlay"></div> intercepts pointer events
retrying click action, attempt #28
  waiting 500ms
  waiting for element to be visible, enabled and stable
  element is visible, enabled and stable
  scrolling into view if needed
  done scrolling
  <div unselectable="on" class="TelerikModalOverlay"></div> intercepts pointer events
retrying click action, attempt #29
  waiting 500ms
  waiting for element to be visible, enabled and stable
  element is visible, enabled and stable
  scrolling into view if needed
  done scrolling
  <div unselectable="on" class="TelerikModalOverlay"></div> intercepts pointer events
retrying click action, attempt #30
  waiting 500ms
  waiting for element to be visible, enabled and stable
  element is visible, enabled and stable
  scrolling into view if needed
  done scrolling
  <div unselectable="on" class="TelerikModalOverlay"></div> intercepts pointer events
retrying click action, attempt #31
  waiting 500ms
  waiting for element to be visible, enabled and stable
  element is visible, enabled and stable
  scrolling into view if needed
  done scrolling
  <div unselectable="on" class="TelerikModalOverlay"></div> intercepts pointer events
retrying click action, attempt #32
  waiting 500ms
  waiting for element to be visible, enabled and stable
  element is visible, enabled and stable
  scrolling into view if needed
  done scrolling
  <div unselectable="on" class="TelerikModalOverlay"></div> intercepts pointer events
retrying click action, attempt #33
  waiting 500ms
  waiting for element to be visible, enabled and stable
  element is visible, enabled and stable
  scrolling into view if needed
  done scrolling
  <div unselectable="on" class="TelerikModalOverlay"></div> intercepts pointer events
retrying click action, attempt #34
  waiting 500ms
  waiting for element to be visible, enabled and stable
  element is visible, enabled and stable
  scrolling into view if needed
  done scrolling
  <div unselectable="on" class="TelerikModalOverlay"></div> intercepts pointer events
retrying click action, attempt #35
  waiting 500ms
  waiting for element to be visible, enabled and stable
  element is visible, enabled and stable
  scrolling into view if needed
  done scrolling
  <div unselectable="on" class="TelerikModalOverlay"></div> intercepts pointer events
retrying click action, attempt #36
  waiting 500ms
  waiting for element to be visible, enabled and stable
  element is visible, enabled and stable
  scrolling into view if needed
  done scrolling
  <div unselectable="on" class="TelerikModalOverlay"></div> intercepts pointer events
retrying click action, attempt #37
  waiting 500ms
  waiting for element to be visible, enabled and stable
  element is visible, enabled and stable
  scrolling into view if needed
  done scrolling
  <div unselectable="on" class="TelerikModalOverlay"></div> intercepts pointer events
retrying click action, attempt #38
  waiting 500ms
  waiting for element to be visible, enabled and stable
  element is visible, enabled and stable
  scrolling into view if needed
  done scrolling
  <div unselectable="on" class="TelerikModalOverlay"></div> intercepts pointer events
retrying click action, attempt #39
  waiting 500ms
  waiting for element to be visible, enabled and stable
  element is visible, enabled and stable
  scrolling into view if needed
  done scrolling
  <div unselectable="on" class="TelerikModalOverlay"></div> intercepts pointer events
retrying click action, attempt #40
  waiting 500ms
  waiting for element to be visible, enabled and stable
  element is visible, enabled and stable
  scrolling into view if needed
  done scrolling
  <div unselectable="on" class="TelerikModalOverlay"></div> intercepts pointer events
retrying click action, attempt #41
  waiting 500ms
  waiting for element to be visible, enabled and stable
  element is visible, enabled and stable
  scrolling into view if needed
  done scrolling
  <div unselectable="on" class="TelerikModalOverlay"></div> intercepts pointer events
retrying click action, attempt #42
  waiting 500ms
  waiting for element to be visible, enabled and stable
  element is visible, enabled and stable
  scrolling into view if needed
  done scrolling
  <div unselectable="on" class="TelerikModalOverlay"></div> intercepts pointer events
retrying click action, attempt #43
  waiting 500ms
  waiting for element to be visible, enabled and stable
  element is visible, enabled and stable
  scrolling into view if needed
  done scrolling
  <div unselectable="on" class="TelerikModalOverlay"></div> intercepts pointer events
retrying click action, attempt #44
  waiting 500ms
  waiting for element to be visible, enabled and stable
  element is visible, enabled and stable
  scrolling into view if needed
  done scrolling
  <div unselectable="on" class="TelerikModalOverlay"></div> intercepts pointer events
retrying click action, attempt #45
  waiting 500ms
  waiting for element to be visible, enabled and stable
  element is visible, enabled and stable
  scrolling into view if needed
  done scrolling
  <div unselectable="on" class="TelerikModalOverlay"></div> intercepts pointer events
retrying click action, attempt #46
  waiting 500ms
  waiting for element to be visible, enabled and stable
  element is visible, enabled and stable
  scrolling into view if needed
  done scrolling
  <div unselectable="on" class="TelerikModalOverlay"></div> intercepts pointer events
retrying click action, attempt #47
  waiting 500ms
  waiting for element to be visible, enabled and stable
  element is visible, enabled and stable
  scrolling into view if needed
  done scrolling
  <div unselectable="on" class="TelerikModalOverlay"></div> intercepts pointer events
retrying click action, attempt #48
  waiting 500ms
  waiting for element to be visible, enabled and stable
  element is visible, enabled and stable
  scrolling into view if needed
  done scrolling
  <div unselectable="on" class="TelerikModalOverlay"></div> intercepts pointer events
retrying click action, attempt #49
  waiting 500ms
  waiting for element to be visible, enabled and stable
  element is visible, enabled and stable
  scrolling into view if needed
  done scrolling
  <div unselectable="on" class="TelerikModalOverlay"></div> intercepts pointer events
retrying click action, attempt #50
  waiting 500ms
  waiting for element to be visible, enabled and stable
  element is visible, enabled and stable
  scrolling into view if needed
  done scrolling
  <div unselectable="on" class="TelerikModalOverlay"></div> intercepts pointer events
retrying click action, attempt #51
  waiting 500ms
  waiting for element to be visible, enabled and stable
  element is visible, enabled and stable
  scrolling into view if needed
  done scrolling
  <div unselectable="on" class="TelerikModalOverlay"></div> intercepts pointer events
retrying click action, attempt #52
  waiting 500ms
  waiting for element to be visible, enabled and stable
  element is visible, enabled and stable
  scrolling into view if needed
  done scrolling
  <div unselectable="on" class="TelerikModalOverlay"></div> intercepts pointer events
retrying click action, attempt #53
  waiting 500ms
  waiting for element to be visible, enabled and stable
  element is visible, enabled and stable
  scrolling into view if needed
  done scrolling
  <div unselectable="on" class="TelerikModalOverlay"></div> intercepts pointer events
retrying click action, attempt #54
  waiting 500ms
  waiting for element to be visible, enabled and stable
  element is visible, enabled and stable
  scrolling into view if needed
  done scrolling
  <div unselectable="on" class="TelerikModalOverlay"></div> intercepts pointer events
retrying click action, attempt #55
  waiting 500ms
  waiting for element to be visible, enabled and stable
  element is visible, enabled and stable
  scrolling into view if needed
  done scrolling
  <div unselectable="on" class="TelerikModalOverlay"></div> intercepts pointer events
retrying click action, attempt #56
  waiting 500ms
  waiting for element to be visible, enabled and stable
  element is visible, enabled and stable
  scrolling into view if needed
  done scrolling
  <div unselectable="on" class="TelerikModalOverlay"></div> intercepts pointer events
retrying click action, attempt #57
  waiting 500ms
  waiting for element to be visible, enabled and stable
  element is visible, enabled and stable
  scrolling into view if needed
  done scrolling
  <div unselectable="on" class="TelerikModalOverlay"></div> intercepts pointer events
retrying click action, attempt #58
  waiting 500ms
  waiting for element to be visible, enabled and stable
  element is visible, enabled and stable
  scrolling into view if needed
  done scrolling
  <div unselectable="on" class="TelerikModalOverlay"></div> intercepts pointer events
retrying click action, attempt #59
  waiting 500ms
  waiting for element to be visible, enabled and stable
  element is visible, enabled and stable
  scrolling into view if needed
  done scrolling
  <div unselectable="on" class="TelerikModalOverlay"></div> intercepts pointer events
retrying click action, attempt #60
  waiting 500ms
  waiting for element to be visible, enabled and stable
  element is visible, enabled and stable
  scrolling into view if needed
  done scrolling
  <div unselectable="on" class="TelerikModalOverlay"></div> intercepts pointer events
retrying click action, attempt #61
  waiting 500ms
============================================================
    at ProgressController.run (C:\Users\Dell\AppData\Local\Temp\playwright-java-10247613160407580068\package\lib\server\progress.js:96:26)
    at Frame.click (C:\Users\Dell\AppData\Local\Temp\playwright-java-10247613160407580068\package\lib\server\frames.js:1197:23)
    at FrameDispatcher.click (C:\Users\Dell\AppData\Local\Temp\playwright-java-10247613160407580068\package\lib\server\dispatchers\frameDispatcher.js:173:30)
    at DispatcherConnection.dispatch (C:\Users\Dell\AppData\Local\Temp\playwright-java-10247613160407580068\package\lib\server\dispatchers\dispatcher.js:397:46)
}
	at com.microsoft.playwright.impl.Connection.dispatch(Connection.java:188)
	at com.microsoft.playwright.impl.Connection.processOneMessage(Connection.java:170)
	at com.microsoft.playwright.impl.ChannelOwner.runUntil(ChannelOwner.java:107)
	... 42 more
]]></system-out>
  </testcase>
</testsuite>