<?xml version="1.0" encoding="UTF-8"?>
<!-- Generated by org.testng.reporters.JUnitReportReporter -->
<testsuite hostname="DESKTOP-22VC4B1" failures="1" tests="12" name="testcases.FullUserJourneyTest" time="42.861" errors="0" timestamp="29 Jul 2025 15:56:31 GMT" skipped="11">
  <testcase classname="testcases.FullUserJourneyTest" name="setup" time="42.861">
    <failure message="Timeout 30000ms exceeded" type="java.lang.AssertionError">
      <![CDATA[java.lang.AssertionError: Timeout 30000ms exceeded
at org.testng.Assert.fail(Assert.java:96)
at base.BaseTest.login(BaseTest.java:381)
at base.BaseTest.setup(BaseTest.java:130)
at java.base/jdk.internal.reflect.NativeMethodAccessorImpl.invoke0(Native Method)
at java.base/jdk.internal.reflect.NativeMethodAccessorImpl.invoke(NativeMethodAccessorImpl.java:77)
at java.base/jdk.internal.reflect.DelegatingMethodAccessorImpl.invoke(DelegatingMethodAccessorImpl.java:43)
at java.base/java.lang.reflect.Method.invoke(Method.java:568)
at org.testng.internal.MethodInvocationHelper.invokeMethod(MethodInvocationHelper.java:124)
at org.testng.internal.MethodInvocationHelper.invokeMethodConsideringTimeout(MethodInvocationHelper.java:59)
at org.testng.internal.Invoker.invokeConfigurationMethod(Invoker.java:458)
at org.testng.internal.Invoker.invokeConfigurations(Invoker.java:222)
at org.testng.internal.Invoker.invokeConfigurations(Invoker.java:142)
at org.testng.SuiteRunner.privateRun(SuiteRunner.java:401)
at org.testng.SuiteRunner.run(SuiteRunner.java:364)
at org.testng.SuiteRunnerWorker.runSuite(SuiteRunnerWorker.java:52)
at org.testng.SuiteRunnerWorker.run(SuiteRunnerWorker.java:84)
at org.testng.TestNG.runSuitesSequentially(TestNG.java:1208)
at org.testng.TestNG.runSuitesLocally(TestNG.java:1137)
at org.testng.TestNG.runSuites(TestNG.java:1049)
at org.testng.TestNG.run(TestNG.java:1017)
at org.apache.maven.surefire.testng.TestNGExecutor.run(TestNGExecutor.java:308)
at org.apache.maven.surefire.testng.TestNGXmlTestSuite.execute(TestNGXmlTestSuite.java:71)
at org.apache.maven.surefire.testng.TestNGProvider.invoke(TestNGProvider.java:113)
at org.apache.maven.surefire.booter.ForkedBooter.runSuitesInProcess(ForkedBooter.java:385)
at org.apache.maven.surefire.booter.ForkedBooter.execute(ForkedBooter.java:162)
at org.apache.maven.surefire.booter.ForkedBooter.run(ForkedBooter.java:507)
at org.apache.maven.surefire.booter.ForkedBooter.main(ForkedBooter.java:495)
]]>
    </failure>
  </testcase> <!-- setup -->
  <testcase classname="testcases.FullUserJourneyTest" name="openAndCloseCreateNewProjectPopup" time="0.000">
    <skipped/>
  </testcase> <!-- openAndCloseCreateNewProjectPopup -->
  <testcase classname="testcases.FullUserJourneyTest" name="openAndCloseCreateNewFilePopup" time="0.000">
    <skipped/>
  </testcase> <!-- openAndCloseCreateNewFilePopup -->
  <testcase classname="testcases.FullUserJourneyTest" name="panelExpansion" time="0.000">
    <skipped/>
  </testcase> <!-- panelExpansion -->
  <testcase classname="testcases.FullUserJourneyTest" name="createNewFileAndCheckRow" time="0.000">
    <skipped/>
  </testcase> <!-- createNewFileAndCheckRow -->
  <testcase classname="testcases.FullUserJourneyTest" name="completeLoginAndTabSelection" time="0.000">
    <skipped/>
  </testcase> <!-- completeLoginAndTabSelection -->
  <testcase classname="testcases.FullUserJourneyTest" name="clickTopMenuItems" time="0.000">
    <skipped/>
  </testcase> <!-- clickTopMenuItems -->
  <testcase classname="testcases.FullUserJourneyTest" name="expandAndCollapseAllPanelsInAllTabs" time="0.000">
    <skipped/>
  </testcase> <!-- expandAndCollapseAllPanelsInAllTabs -->
  <testcase classname="testcases.FullUserJourneyTest" name="switchToDomain2AndSelectFirstFile" time="0.000">
    <skipped/>
  </testcase> <!-- switchToDomain2AndSelectFirstFile -->
  <testcase classname="testcases.FullUserJourneyTest" name="expandAndCollapsePanelsInAllTabsAfterFileSelection" time="0.000">
    <skipped/>
  </testcase> <!-- expandAndCollapsePanelsInAllTabsAfterFileSelection -->
  <testcase classname="testcases.FullUserJourneyTest" name="adminMenuNavigation" time="0.000">
    <skipped/>
  </testcase> <!-- adminMenuNavigation -->
  <testcase classname="testcases.FullUserJourneyTest" name="loginAndOpenClosePanels">
    <skipped/>
  </testcase> <!-- loginAndOpenClosePanels -->
</testsuite> <!-- testcases.FullUserJourneyTest -->
